{"timestamp":"2025-11-26T00:13:36.671224Z","level":"info","event":"Filling up the DagBag from /opt/airflow/dags/forcast_bitbot_dag.py","logger":"airflow.models.dagbag.DagBag","filename":"dagbag.py","lineno":593}
{"timestamp":"2025-11-26T00:13:38.127129Z","level":"warning","event":"The `airflow.decorators.task` attribute is deprecated. Please use `'airflow.sdk.task'`.","category":"DeprecatedImportWarning","filename":"/opt/airflow/dags/forcast_bitbot_dag.py","lineno":2,"logger":"py.warnings"}
{"timestamp":"2025-11-26T00:32:01.957699Z","level":"info","event":"Filling up the DagBag from /opt/airflow/dags/forcast_bitbot_dag.py","logger":"airflow.models.dagbag.DagBag","filename":"dagbag.py","lineno":593}
{"timestamp":"2025-11-26T00:32:41.268973Z","level":"error","event":"Process timed out, PID: 11769","logger":"airflow.models.dagbag","filename":"dagbag.py","lineno":134}
{"timestamp":"2025-11-26T00:32:43.836096Z","level":"error","event":"Failed to import: /opt/airflow/dags/forcast_bitbot_dag.py","logger":"airflow.models.dagbag.DagBag","filename":"dagbag.py","lineno":415,"error_detail":[{"exc_type":"AirflowTaskTimeout","exc_value":"DagBag import timeout for /opt/airflow/dags/forcast_bitbot_dag.py after 30.0s.\nPlease take a look at these docs to improve your DAG import time:\n* https://airflow.apache.org/docs/apache-airflow/3.1.2/best-practices.html#top-level-python-code\n* https://airflow.apache.org/docs/apache-airflow/3.1.2/best-practices.html#reducing-dag-complexity, PID: 11769","exc_notes":[],"syntax_error":null,"is_cause":false,"frames":[{"filename":"/home/airflow/.local/lib/python3.12/site-packages/airflow/models/dagbag.py","lineno":405,"name":"parse"},{"filename":"<frozen importlib._bootstrap_external>","lineno":999,"name":"exec_module"},{"filename":"<frozen importlib._bootstrap>","lineno":488,"name":"_call_with_frames_removed"},{"filename":"/opt/airflow/dags/forcast_bitbot_dag.py","lineno":8,"name":"<module>"},{"filename":"/home/airflow/.local/lib/python3.12/site-packages/pandas/__init__.py","lineno":14,"name":"<module>"},{"filename":"/home/airflow/.local/lib/python3.12/site-packages/numpy/__init__.py","lineno":157,"name":"<module>"},{"filename":"/home/airflow/.local/lib/python3.12/site-packages/numpy/random/__init__.py","lineno":180,"name":"<module>"},{"filename":"/home/airflow/.local/lib/python3.12/site-packages/numpy/random/_pickle.py","lineno":6,"name":"<module>"},{"filename":"/opt/airflow/numpy/random/_generator.pyx","lineno":1,"name":"init numpy.random._generator"},{"filename":"<frozen importlib._bootstrap>","lineno":463,"name":"_lock_unlock_module"},{"filename":"/home/airflow/.local/lib/python3.12/site-packages/airflow/models/dagbag.py","lineno":135,"name":"handle_timeout"}],"is_group":false,"exceptions":[]}]}
{"timestamp":"2025-11-26T00:32:52.120889Z","level":"warning","event":"The `airflow.decorators.task` attribute is deprecated. Please use `'airflow.sdk.task'`.","category":"DeprecatedImportWarning","filename":"/opt/airflow/dags/forcast_bitbot_dag.py","lineno":2,"logger":"py.warnings"}
{"timestamp":"2025-11-26T00:33:37.910013Z","level":"info","event":"Filling up the DagBag from /opt/airflow/dags/forcast_bitbot_dag.py","logger":"airflow.models.dagbag.DagBag","filename":"dagbag.py","lineno":593}
{"timestamp":"2025-11-26T00:33:42.791116Z","level":"warning","event":"The `airflow.decorators.task` attribute is deprecated. Please use `'airflow.sdk.task'`.","category":"DeprecatedImportWarning","filename":"/opt/airflow/dags/forcast_bitbot_dag.py","lineno":2,"logger":"py.warnings"}
{"timestamp":"2025-11-26T00:49:29.057186Z","level":"info","event":"Filling up the DagBag from /opt/airflow/dags/forcast_bitbot_dag.py","logger":"airflow.models.dagbag.DagBag","filename":"dagbag.py","lineno":593}
{"timestamp":"2025-11-26T00:49:30.188307Z","level":"warning","event":"The `airflow.decorators.task` attribute is deprecated. Please use `'airflow.sdk.task'`.","category":"DeprecatedImportWarning","filename":"/opt/airflow/dags/forcast_bitbot_dag.py","lineno":2,"logger":"py.warnings"}
{"timestamp":"2025-11-26T00:50:00.714653Z","level":"info","event":"Filling up the DagBag from /opt/airflow/dags/forcast_bitbot_dag.py","logger":"airflow.models.dagbag.DagBag","filename":"dagbag.py","lineno":593}
{"timestamp":"2025-11-26T00:50:01.576317Z","level":"warning","event":"The `airflow.decorators.task` attribute is deprecated. Please use `'airflow.sdk.task'`.","category":"DeprecatedImportWarning","filename":"/opt/airflow/dags/forcast_bitbot_dag.py","lineno":2,"logger":"py.warnings"}
{"timestamp":"2025-11-26T01:07:08.941113Z","level":"info","event":"Filling up the DagBag from /opt/airflow/dags/forcast_bitbot_dag.py","logger":"airflow.models.dagbag.DagBag","filename":"dagbag.py","lineno":593}
{"timestamp":"2025-11-26T01:07:10.295746Z","level":"warning","event":"The `airflow.decorators.task` attribute is deprecated. Please use `'airflow.sdk.task'`.","category":"DeprecatedImportWarning","filename":"/opt/airflow/dags/forcast_bitbot_dag.py","lineno":2,"logger":"py.warnings"}
{"timestamp":"2025-11-26T01:07:40.825966Z","level":"info","event":"Filling up the DagBag from /opt/airflow/dags/forcast_bitbot_dag.py","logger":"airflow.models.dagbag.DagBag","filename":"dagbag.py","lineno":593}
{"timestamp":"2025-11-26T01:07:41.627462Z","level":"warning","event":"The `airflow.decorators.task` attribute is deprecated. Please use `'airflow.sdk.task'`.","category":"DeprecatedImportWarning","filename":"/opt/airflow/dags/forcast_bitbot_dag.py","lineno":2,"logger":"py.warnings"}
{"timestamp":"2025-11-26T01:23:59.721629Z","level":"info","event":"Filling up the DagBag from /opt/airflow/dags/forcast_bitbot_dag.py","logger":"airflow.models.dagbag.DagBag","filename":"dagbag.py","lineno":593}
{"timestamp":"2025-11-26T01:24:00.746876Z","level":"warning","event":"The `airflow.decorators.task` attribute is deprecated. Please use `'airflow.sdk.task'`.","category":"DeprecatedImportWarning","filename":"/opt/airflow/dags/forcast_bitbot_dag.py","lineno":2,"logger":"py.warnings"}
{"timestamp":"2025-11-26T01:24:31.287892Z","level":"info","event":"Filling up the DagBag from /opt/airflow/dags/forcast_bitbot_dag.py","logger":"airflow.models.dagbag.DagBag","filename":"dagbag.py","lineno":593}
{"timestamp":"2025-11-26T01:24:32.325455Z","level":"warning","event":"The `airflow.decorators.task` attribute is deprecated. Please use `'airflow.sdk.task'`.","category":"DeprecatedImportWarning","filename":"/opt/airflow/dags/forcast_bitbot_dag.py","lineno":2,"logger":"py.warnings"}
{"timestamp":"2025-11-26T01:41:26.513198Z","level":"info","event":"Filling up the DagBag from /opt/airflow/dags/forcast_bitbot_dag.py","logger":"airflow.models.dagbag.DagBag","filename":"dagbag.py","lineno":593}
{"timestamp":"2025-11-26T01:41:27.519102Z","level":"warning","event":"The `airflow.decorators.task` attribute is deprecated. Please use `'airflow.sdk.task'`.","category":"DeprecatedImportWarning","filename":"/opt/airflow/dags/forcast_bitbot_dag.py","lineno":2,"logger":"py.warnings"}
{"timestamp":"2025-11-26T01:57:12.651676Z","level":"info","event":"Filling up the DagBag from /opt/airflow/dags/forcast_bitbot_dag.py","logger":"airflow.models.dagbag.DagBag","filename":"dagbag.py","lineno":593}
{"timestamp":"2025-11-26T01:57:13.647205Z","level":"warning","event":"The `airflow.decorators.task` attribute is deprecated. Please use `'airflow.sdk.task'`.","category":"DeprecatedImportWarning","filename":"/opt/airflow/dags/forcast_bitbot_dag.py","lineno":2,"logger":"py.warnings"}
{"timestamp":"2025-11-26T01:57:44.186275Z","level":"info","event":"Filling up the DagBag from /opt/airflow/dags/forcast_bitbot_dag.py","logger":"airflow.models.dagbag.DagBag","filename":"dagbag.py","lineno":593}
{"timestamp":"2025-11-26T01:57:45.100931Z","level":"warning","event":"The `airflow.decorators.task` attribute is deprecated. Please use `'airflow.sdk.task'`.","category":"DeprecatedImportWarning","filename":"/opt/airflow/dags/forcast_bitbot_dag.py","lineno":2,"logger":"py.warnings"}
{"timestamp":"2025-11-26T02:15:18.572048Z","level":"info","event":"Filling up the DagBag from /opt/airflow/dags/forcast_bitbot_dag.py","logger":"airflow.models.dagbag.DagBag","filename":"dagbag.py","lineno":593}
{"timestamp":"2025-11-26T02:15:19.924169Z","level":"warning","event":"The `airflow.decorators.task` attribute is deprecated. Please use `'airflow.sdk.task'`.","category":"DeprecatedImportWarning","filename":"/opt/airflow/dags/forcast_bitbot_dag.py","lineno":2,"logger":"py.warnings"}
{"timestamp":"2025-11-26T02:33:17.373424Z","level":"info","event":"Filling up the DagBag from /opt/airflow/dags/forcast_bitbot_dag.py","logger":"airflow.models.dagbag.DagBag","filename":"dagbag.py","lineno":593}
{"timestamp":"2025-11-26T02:33:18.835295Z","level":"warning","event":"The `airflow.decorators.task` attribute is deprecated. Please use `'airflow.sdk.task'`.","category":"DeprecatedImportWarning","filename":"/opt/airflow/dags/forcast_bitbot_dag.py","lineno":2,"logger":"py.warnings"}
{"timestamp":"2025-11-26T02:33:49.383178Z","level":"info","event":"Filling up the DagBag from /opt/airflow/dags/forcast_bitbot_dag.py","logger":"airflow.models.dagbag.DagBag","filename":"dagbag.py","lineno":593}
{"timestamp":"2025-11-26T02:33:50.326069Z","level":"warning","event":"The `airflow.decorators.task` attribute is deprecated. Please use `'airflow.sdk.task'`.","category":"DeprecatedImportWarning","filename":"/opt/airflow/dags/forcast_bitbot_dag.py","lineno":2,"logger":"py.warnings"}
{"timestamp":"2025-11-26T02:49:29.275099Z","level":"info","event":"Filling up the DagBag from /opt/airflow/dags/forcast_bitbot_dag.py","logger":"airflow.models.dagbag.DagBag","filename":"dagbag.py","lineno":593}
{"timestamp":"2025-11-26T02:49:30.337657Z","level":"warning","event":"The `airflow.decorators.task` attribute is deprecated. Please use `'airflow.sdk.task'`.","category":"DeprecatedImportWarning","filename":"/opt/airflow/dags/forcast_bitbot_dag.py","lineno":2,"logger":"py.warnings"}
{"timestamp":"2025-11-26T02:50:01.932108Z","level":"info","event":"Filling up the DagBag from /opt/airflow/dags/forcast_bitbot_dag.py","logger":"airflow.models.dagbag.DagBag","filename":"dagbag.py","lineno":593}
{"timestamp":"2025-11-26T02:50:02.757786Z","level":"warning","event":"The `airflow.decorators.task` attribute is deprecated. Please use `'airflow.sdk.task'`.","category":"DeprecatedImportWarning","filename":"/opt/airflow/dags/forcast_bitbot_dag.py","lineno":2,"logger":"py.warnings"}
{"timestamp":"2025-11-26T03:05:56.742689Z","level":"info","event":"Filling up the DagBag from /opt/airflow/dags/forcast_bitbot_dag.py","logger":"airflow.models.dagbag.DagBag","filename":"dagbag.py","lineno":593}
{"timestamp":"2025-11-26T03:05:58.134725Z","level":"warning","event":"The `airflow.decorators.task` attribute is deprecated. Please use `'airflow.sdk.task'`.","category":"DeprecatedImportWarning","filename":"/opt/airflow/dags/forcast_bitbot_dag.py","lineno":2,"logger":"py.warnings"}
{"timestamp":"2025-11-26T03:23:25.631509Z","level":"info","event":"Filling up the DagBag from /opt/airflow/dags/forcast_bitbot_dag.py","logger":"airflow.models.dagbag.DagBag","filename":"dagbag.py","lineno":593}
{"timestamp":"2025-11-26T03:23:26.801000Z","level":"warning","event":"The `airflow.decorators.task` attribute is deprecated. Please use `'airflow.sdk.task'`.","category":"DeprecatedImportWarning","filename":"/opt/airflow/dags/forcast_bitbot_dag.py","lineno":2,"logger":"py.warnings"}
{"timestamp":"2025-11-26T03:23:57.353804Z","level":"info","event":"Filling up the DagBag from /opt/airflow/dags/forcast_bitbot_dag.py","logger":"airflow.models.dagbag.DagBag","filename":"dagbag.py","lineno":593}
{"timestamp":"2025-11-26T03:23:58.239359Z","level":"warning","event":"The `airflow.decorators.task` attribute is deprecated. Please use `'airflow.sdk.task'`.","category":"DeprecatedImportWarning","filename":"/opt/airflow/dags/forcast_bitbot_dag.py","lineno":2,"logger":"py.warnings"}
{"timestamp":"2025-11-26T03:26:56.348185Z","level":"info","event":"Filling up the DagBag from /opt/airflow/dags/forcast_bitbot_dag.py","logger":"airflow.models.dagbag.DagBag","filename":"dagbag.py","lineno":593}
{"timestamp":"2025-11-26T03:26:57.271938Z","level":"warning","event":"The `airflow.decorators.task` attribute is deprecated. Please use `'airflow.sdk.task'`.","category":"DeprecatedImportWarning","filename":"/opt/airflow/dags/forcast_bitbot_dag.py","lineno":2,"logger":"py.warnings"}
{"timestamp":"2025-11-26T03:27:27.789422Z","level":"info","event":"Filling up the DagBag from /opt/airflow/dags/forcast_bitbot_dag.py","logger":"airflow.models.dagbag.DagBag","filename":"dagbag.py","lineno":593}
{"timestamp":"2025-11-26T03:27:28.557175Z","level":"warning","event":"The `airflow.decorators.task` attribute is deprecated. Please use `'airflow.sdk.task'`.","category":"DeprecatedImportWarning","filename":"/opt/airflow/dags/forcast_bitbot_dag.py","lineno":2,"logger":"py.warnings"}
{"timestamp":"2025-11-26T03:30:39.836817Z","level":"info","event":"Filling up the DagBag from /opt/airflow/dags/forcast_bitbot_dag.py","logger":"airflow.models.dagbag.DagBag","filename":"dagbag.py","lineno":593}
{"timestamp":"2025-11-26T03:30:40.840104Z","level":"warning","event":"The `airflow.decorators.task` attribute is deprecated. Please use `'airflow.sdk.task'`.","category":"DeprecatedImportWarning","filename":"/opt/airflow/dags/forcast_bitbot_dag.py","lineno":2,"logger":"py.warnings"}
{"timestamp":"2025-11-26T03:47:54.061265Z","level":"info","event":"Filling up the DagBag from /opt/airflow/dags/forcast_bitbot_dag.py","logger":"airflow.models.dagbag.DagBag","filename":"dagbag.py","lineno":593}
{"timestamp":"2025-11-26T03:47:55.485331Z","level":"warning","event":"The `airflow.decorators.task` attribute is deprecated. Please use `'airflow.sdk.task'`.","category":"DeprecatedImportWarning","filename":"/opt/airflow/dags/forcast_bitbot_dag.py","lineno":2,"logger":"py.warnings"}
{"timestamp":"2025-11-26T03:48:26.097878Z","level":"info","event":"Filling up the DagBag from /opt/airflow/dags/forcast_bitbot_dag.py","logger":"airflow.models.dagbag.DagBag","filename":"dagbag.py","lineno":593}
{"timestamp":"2025-11-26T03:48:26.973063Z","level":"warning","event":"The `airflow.decorators.task` attribute is deprecated. Please use `'airflow.sdk.task'`.","category":"DeprecatedImportWarning","filename":"/opt/airflow/dags/forcast_bitbot_dag.py","lineno":2,"logger":"py.warnings"}
{"timestamp":"2025-11-26T04:04:11.871247Z","level":"info","event":"Filling up the DagBag from /opt/airflow/dags/forcast_bitbot_dag.py","logger":"airflow.models.dagbag.DagBag","filename":"dagbag.py","lineno":593}
{"timestamp":"2025-11-26T04:04:12.908087Z","level":"warning","event":"The `airflow.decorators.task` attribute is deprecated. Please use `'airflow.sdk.task'`.","category":"DeprecatedImportWarning","filename":"/opt/airflow/dags/forcast_bitbot_dag.py","lineno":2,"logger":"py.warnings"}
{"timestamp":"2025-11-26T04:04:43.500329Z","level":"info","event":"Filling up the DagBag from /opt/airflow/dags/forcast_bitbot_dag.py","logger":"airflow.models.dagbag.DagBag","filename":"dagbag.py","lineno":593}
{"timestamp":"2025-11-26T04:04:44.425593Z","level":"warning","event":"The `airflow.decorators.task` attribute is deprecated. Please use `'airflow.sdk.task'`.","category":"DeprecatedImportWarning","filename":"/opt/airflow/dags/forcast_bitbot_dag.py","lineno":2,"logger":"py.warnings"}
{"timestamp":"2025-11-26T04:21:46.029613Z","level":"info","event":"Filling up the DagBag from /opt/airflow/dags/forcast_bitbot_dag.py","logger":"airflow.models.dagbag.DagBag","filename":"dagbag.py","lineno":593}
{"timestamp":"2025-11-26T04:21:46.907960Z","level":"warning","event":"The `airflow.decorators.task` attribute is deprecated. Please use `'airflow.sdk.task'`.","category":"DeprecatedImportWarning","filename":"/opt/airflow/dags/forcast_bitbot_dag.py","lineno":2,"logger":"py.warnings"}
{"timestamp":"2025-11-26T04:22:17.412636Z","level":"info","event":"Filling up the DagBag from /opt/airflow/dags/forcast_bitbot_dag.py","logger":"airflow.models.dagbag.DagBag","filename":"dagbag.py","lineno":593}
{"timestamp":"2025-11-26T04:22:18.697069Z","level":"warning","event":"The `airflow.decorators.task` attribute is deprecated. Please use `'airflow.sdk.task'`.","category":"DeprecatedImportWarning","filename":"/opt/airflow/dags/forcast_bitbot_dag.py","lineno":2,"logger":"py.warnings"}
{"timestamp":"2025-11-26T04:38:15.835274Z","level":"info","event":"Filling up the DagBag from /opt/airflow/dags/forcast_bitbot_dag.py","logger":"airflow.models.dagbag.DagBag","filename":"dagbag.py","lineno":593}
{"timestamp":"2025-11-26T04:38:16.699602Z","level":"warning","event":"The `airflow.decorators.task` attribute is deprecated. Please use `'airflow.sdk.task'`.","category":"DeprecatedImportWarning","filename":"/opt/airflow/dags/forcast_bitbot_dag.py","lineno":2,"logger":"py.warnings"}
{"timestamp":"2025-11-26T04:53:46.905297Z","level":"info","event":"Filling up the DagBag from /opt/airflow/dags/forcast_bitbot_dag.py","logger":"airflow.models.dagbag.DagBag","filename":"dagbag.py","lineno":593}
{"timestamp":"2025-11-26T04:53:47.930867Z","level":"warning","event":"The `airflow.decorators.task` attribute is deprecated. Please use `'airflow.sdk.task'`.","category":"DeprecatedImportWarning","filename":"/opt/airflow/dags/forcast_bitbot_dag.py","lineno":2,"logger":"py.warnings"}
{"timestamp":"2025-11-26T04:54:18.435448Z","level":"info","event":"Filling up the DagBag from /opt/airflow/dags/forcast_bitbot_dag.py","logger":"airflow.models.dagbag.DagBag","filename":"dagbag.py","lineno":593}
{"timestamp":"2025-11-26T04:54:19.271371Z","level":"warning","event":"The `airflow.decorators.task` attribute is deprecated. Please use `'airflow.sdk.task'`.","category":"DeprecatedImportWarning","filename":"/opt/airflow/dags/forcast_bitbot_dag.py","lineno":2,"logger":"py.warnings"}
{"timestamp":"2025-11-26T04:55:43.424451Z","level":"info","event":"Filling up the DagBag from /opt/airflow/dags/forcast_bitbot_dag.py","logger":"airflow.models.dagbag.DagBag","filename":"dagbag.py","lineno":593}
{"timestamp":"2025-11-26T04:55:44.344766Z","level":"warning","event":"The `airflow.decorators.task` attribute is deprecated. Please use `'airflow.sdk.task'`.","category":"DeprecatedImportWarning","filename":"/opt/airflow/dags/forcast_bitbot_dag.py","lineno":2,"logger":"py.warnings"}
{"timestamp":"2025-11-26T04:57:56.133921Z","level":"info","event":"Filling up the DagBag from /opt/airflow/dags/forcast_bitbot_dag.py","logger":"airflow.models.dagbag.DagBag","filename":"dagbag.py","lineno":593}
{"timestamp":"2025-11-26T04:57:57.039049Z","level":"warning","event":"The `airflow.decorators.task` attribute is deprecated. Please use `'airflow.sdk.task'`.","category":"DeprecatedImportWarning","filename":"/opt/airflow/dags/forcast_bitbot_dag.py","lineno":2,"logger":"py.warnings"}
{"timestamp":"2025-11-26T04:58:27.570551Z","level":"info","event":"Filling up the DagBag from /opt/airflow/dags/forcast_bitbot_dag.py","logger":"airflow.models.dagbag.DagBag","filename":"dagbag.py","lineno":593}
{"timestamp":"2025-11-26T04:58:28.334124Z","level":"warning","event":"The `airflow.decorators.task` attribute is deprecated. Please use `'airflow.sdk.task'`.","category":"DeprecatedImportWarning","filename":"/opt/airflow/dags/forcast_bitbot_dag.py","lineno":2,"logger":"py.warnings"}
{"timestamp":"2025-11-26T04:59:01.611042Z","level":"info","event":"Filling up the DagBag from /opt/airflow/dags/forcast_bitbot_dag.py","logger":"airflow.models.dagbag.DagBag","filename":"dagbag.py","lineno":593}
{"timestamp":"2025-11-26T04:59:02.821366Z","level":"warning","event":"The `airflow.decorators.task` attribute is deprecated. Please use `'airflow.sdk.task'`.","category":"DeprecatedImportWarning","filename":"/opt/airflow/dags/forcast_bitbot_dag.py","lineno":2,"logger":"py.warnings"}
{"timestamp":"2025-11-26T05:15:50.484205Z","level":"info","event":"Filling up the DagBag from /opt/airflow/dags/forcast_bitbot_dag.py","logger":"airflow.models.dagbag.DagBag","filename":"dagbag.py","lineno":593}
{"timestamp":"2025-11-26T05:15:52.051468Z","level":"warning","event":"The `airflow.decorators.task` attribute is deprecated. Please use `'airflow.sdk.task'`.","category":"DeprecatedImportWarning","filename":"/opt/airflow/dags/forcast_bitbot_dag.py","lineno":2,"logger":"py.warnings"}
{"timestamp":"2025-11-26T05:16:22.655817Z","level":"info","event":"Filling up the DagBag from /opt/airflow/dags/forcast_bitbot_dag.py","logger":"airflow.models.dagbag.DagBag","filename":"dagbag.py","lineno":593}
{"timestamp":"2025-11-26T05:16:23.673784Z","level":"warning","event":"The `airflow.decorators.task` attribute is deprecated. Please use `'airflow.sdk.task'`.","category":"DeprecatedImportWarning","filename":"/opt/airflow/dags/forcast_bitbot_dag.py","lineno":2,"logger":"py.warnings"}
{"timestamp":"2025-11-26T05:25:50.020997Z","level":"info","event":"Filling up the DagBag from /opt/airflow/dags/forcast_bitbot_dag.py","logger":"airflow.models.dagbag.DagBag","filename":"dagbag.py","lineno":593}
{"timestamp":"2025-11-26T05:25:51.081725Z","level":"warning","event":"The `airflow.decorators.task` attribute is deprecated. Please use `'airflow.sdk.task'`.","category":"DeprecatedImportWarning","filename":"/opt/airflow/dags/forcast_bitbot_dag.py","lineno":2,"logger":"py.warnings"}
{"timestamp":"2025-11-26T05:26:21.722202Z","level":"info","event":"Filling up the DagBag from /opt/airflow/dags/forcast_bitbot_dag.py","logger":"airflow.models.dagbag.DagBag","filename":"dagbag.py","lineno":593}
{"timestamp":"2025-11-26T05:26:22.928666Z","level":"warning","event":"The `airflow.decorators.task` attribute is deprecated. Please use `'airflow.sdk.task'`.","category":"DeprecatedImportWarning","filename":"/opt/airflow/dags/forcast_bitbot_dag.py","lineno":2,"logger":"py.warnings"}
{"timestamp":"2025-11-26T05:27:42.777753Z","level":"info","event":"Filling up the DagBag from /opt/airflow/dags/forcast_bitbot_dag.py","logger":"airflow.models.dagbag.DagBag","filename":"dagbag.py","lineno":593}
{"timestamp":"2025-11-26T05:27:43.734071Z","level":"warning","event":"The `airflow.decorators.task` attribute is deprecated. Please use `'airflow.sdk.task'`.","category":"DeprecatedImportWarning","filename":"/opt/airflow/dags/forcast_bitbot_dag.py","lineno":2,"logger":"py.warnings"}
{"timestamp":"2025-11-26T05:33:55.266277Z","level":"info","event":"Filling up the DagBag from /opt/airflow/dags/forcast_bitbot_dag.py","logger":"airflow.models.dagbag.DagBag","filename":"dagbag.py","lineno":593}
{"timestamp":"2025-11-26T05:33:56.381174Z","level":"warning","event":"The `airflow.decorators.task` attribute is deprecated. Please use `'airflow.sdk.task'`.","category":"DeprecatedImportWarning","filename":"/opt/airflow/dags/forcast_bitbot_dag.py","lineno":2,"logger":"py.warnings"}
{"timestamp":"2025-11-26T05:34:26.964664Z","level":"info","event":"Filling up the DagBag from /opt/airflow/dags/forcast_bitbot_dag.py","logger":"airflow.models.dagbag.DagBag","filename":"dagbag.py","lineno":593}
{"timestamp":"2025-11-26T05:34:27.903960Z","level":"warning","event":"The `airflow.decorators.task` attribute is deprecated. Please use `'airflow.sdk.task'`.","category":"DeprecatedImportWarning","filename":"/opt/airflow/dags/forcast_bitbot_dag.py","lineno":2,"logger":"py.warnings"}
{"timestamp":"2025-11-26T05:53:09.679209Z","level":"info","event":"Filling up the DagBag from /opt/airflow/dags/forcast_bitbot_dag.py","logger":"airflow.models.dagbag.DagBag","filename":"dagbag.py","lineno":593}
{"timestamp":"2025-11-26T05:53:10.749193Z","level":"warning","event":"The `airflow.decorators.task` attribute is deprecated. Please use `'airflow.sdk.task'`.","category":"DeprecatedImportWarning","filename":"/opt/airflow/dags/forcast_bitbot_dag.py","lineno":2,"logger":"py.warnings"}
{"timestamp":"2025-11-26T05:54:41.981689Z","level":"info","event":"Filling up the DagBag from /opt/airflow/dags/forcast_bitbot_dag.py","logger":"airflow.models.dagbag.DagBag","filename":"dagbag.py","lineno":593}
{"timestamp":"2025-11-26T05:54:43.401243Z","level":"warning","event":"The `airflow.decorators.task` attribute is deprecated. Please use `'airflow.sdk.task'`.","category":"DeprecatedImportWarning","filename":"/opt/airflow/dags/forcast_bitbot_dag.py","lineno":2,"logger":"py.warnings"}
{"timestamp":"2025-11-26T05:55:13.950253Z","level":"info","event":"Filling up the DagBag from /opt/airflow/dags/forcast_bitbot_dag.py","logger":"airflow.models.dagbag.DagBag","filename":"dagbag.py","lineno":593}
{"timestamp":"2025-11-26T05:55:14.778994Z","level":"warning","event":"The `airflow.decorators.task` attribute is deprecated. Please use `'airflow.sdk.task'`.","category":"DeprecatedImportWarning","filename":"/opt/airflow/dags/forcast_bitbot_dag.py","lineno":2,"logger":"py.warnings"}
{"timestamp":"2025-11-26T06:28:18.685668Z","level":"info","event":"Filling up the DagBag from /opt/airflow/dags/forcast_bitbot_dag.py","logger":"airflow.models.dagbag.DagBag","filename":"dagbag.py","lineno":593}
{"timestamp":"2025-11-26T06:28:19.835453Z","level":"warning","event":"The `airflow.decorators.task` attribute is deprecated. Please use `'airflow.sdk.task'`.","category":"DeprecatedImportWarning","filename":"/opt/airflow/dags/forcast_bitbot_dag.py","lineno":2,"logger":"py.warnings"}
{"timestamp":"2025-11-26T06:28:50.390253Z","level":"info","event":"Filling up the DagBag from /opt/airflow/dags/forcast_bitbot_dag.py","logger":"airflow.models.dagbag.DagBag","filename":"dagbag.py","lineno":593}
{"timestamp":"2025-11-26T06:28:51.821280Z","level":"warning","event":"The `airflow.decorators.task` attribute is deprecated. Please use `'airflow.sdk.task'`.","category":"DeprecatedImportWarning","filename":"/opt/airflow/dags/forcast_bitbot_dag.py","lineno":2,"logger":"py.warnings"}
{"timestamp":"2025-11-26T07:29:15.645996Z","level":"info","event":"Filling up the DagBag from /opt/airflow/dags/forcast_bitbot_dag.py","logger":"airflow.models.dagbag.DagBag","filename":"dagbag.py","lineno":593}
{"timestamp":"2025-11-26T07:29:17.142105Z","level":"warning","event":"The `airflow.decorators.task` attribute is deprecated. Please use `'airflow.sdk.task'`.","category":"DeprecatedImportWarning","filename":"/opt/airflow/dags/forcast_bitbot_dag.py","lineno":2,"logger":"py.warnings"}
{"timestamp":"2025-11-26T07:29:47.770057Z","level":"info","event":"Filling up the DagBag from /opt/airflow/dags/forcast_bitbot_dag.py","logger":"airflow.models.dagbag.DagBag","filename":"dagbag.py","lineno":593}
{"timestamp":"2025-11-26T07:29:48.628052Z","level":"warning","event":"The `airflow.decorators.task` attribute is deprecated. Please use `'airflow.sdk.task'`.","category":"DeprecatedImportWarning","filename":"/opt/airflow/dags/forcast_bitbot_dag.py","lineno":2,"logger":"py.warnings"}
{"timestamp":"2025-11-26T08:20:17.763000Z","level":"info","event":"Filling up the DagBag from /opt/airflow/dags/forcast_bitbot_dag.py","logger":"airflow.models.dagbag.DagBag","filename":"dagbag.py","lineno":593}
{"timestamp":"2025-11-26T08:20:19.186139Z","level":"warning","event":"The `airflow.decorators.task` attribute is deprecated. Please use `'airflow.sdk.task'`.","category":"DeprecatedImportWarning","filename":"/opt/airflow/dags/forcast_bitbot_dag.py","lineno":2,"logger":"py.warnings"}
{"timestamp":"2025-11-26T08:30:42.518450Z","level":"info","event":"Filling up the DagBag from /opt/airflow/dags/forcast_bitbot_dag.py","logger":"airflow.models.dagbag.DagBag","filename":"dagbag.py","lineno":593}
{"timestamp":"2025-11-26T08:30:43.559818Z","level":"warning","event":"The `airflow.decorators.task` attribute is deprecated. Please use `'airflow.sdk.task'`.","category":"DeprecatedImportWarning","filename":"/opt/airflow/dags/forcast_bitbot_dag.py","lineno":2,"logger":"py.warnings"}
{"timestamp":"2025-11-26T09:21:39.625690Z","level":"info","event":"Filling up the DagBag from /opt/airflow/dags/forcast_bitbot_dag.py","logger":"airflow.models.dagbag.DagBag","filename":"dagbag.py","lineno":593}
{"timestamp":"2025-11-26T09:21:41.027200Z","level":"warning","event":"The `airflow.decorators.task` attribute is deprecated. Please use `'airflow.sdk.task'`.","category":"DeprecatedImportWarning","filename":"/opt/airflow/dags/forcast_bitbot_dag.py","lineno":2,"logger":"py.warnings"}
{"timestamp":"2025-11-26T09:31:40.326418Z","level":"info","event":"Filling up the DagBag from /opt/airflow/dags/forcast_bitbot_dag.py","logger":"airflow.models.dagbag.DagBag","filename":"dagbag.py","lineno":593}
{"timestamp":"2025-11-26T09:31:41.377073Z","level":"warning","event":"The `airflow.decorators.task` attribute is deprecated. Please use `'airflow.sdk.task'`.","category":"DeprecatedImportWarning","filename":"/opt/airflow/dags/forcast_bitbot_dag.py","lineno":2,"logger":"py.warnings"}
{"timestamp":"2025-11-26T10:04:10.682862Z","level":"info","event":"Filling up the DagBag from /opt/airflow/dags/forcast_bitbot_dag.py","logger":"airflow.models.dagbag.DagBag","filename":"dagbag.py","lineno":593}
{"timestamp":"2025-11-26T10:04:11.993372Z","level":"warning","event":"The `airflow.decorators.task` attribute is deprecated. Please use `'airflow.sdk.task'`.","category":"DeprecatedImportWarning","filename":"/opt/airflow/dags/forcast_bitbot_dag.py","lineno":2,"logger":"py.warnings"}
{"timestamp":"2025-11-26T10:32:38.085777Z","level":"info","event":"Filling up the DagBag from /opt/airflow/dags/forcast_bitbot_dag.py","logger":"airflow.models.dagbag.DagBag","filename":"dagbag.py","lineno":593}
{"timestamp":"2025-11-26T10:32:39.253628Z","level":"warning","event":"The `airflow.decorators.task` attribute is deprecated. Please use `'airflow.sdk.task'`.","category":"DeprecatedImportWarning","filename":"/opt/airflow/dags/forcast_bitbot_dag.py","lineno":2,"logger":"py.warnings"}
{"timestamp":"2025-11-26T11:03:23.557636Z","level":"info","event":"Filling up the DagBag from /opt/airflow/dags/forcast_bitbot_dag.py","logger":"airflow.models.dagbag.DagBag","filename":"dagbag.py","lineno":593}
{"timestamp":"2025-11-26T11:03:25.187847Z","level":"warning","event":"The `airflow.decorators.task` attribute is deprecated. Please use `'airflow.sdk.task'`.","category":"DeprecatedImportWarning","filename":"/opt/airflow/dags/forcast_bitbot_dag.py","lineno":2,"logger":"py.warnings"}
{"timestamp":"2025-11-26T11:33:35.285231Z","level":"info","event":"Filling up the DagBag from /opt/airflow/dags/forcast_bitbot_dag.py","logger":"airflow.models.dagbag.DagBag","filename":"dagbag.py","lineno":593}
{"timestamp":"2025-11-26T11:33:37.383353Z","level":"warning","event":"The `airflow.decorators.task` attribute is deprecated. Please use `'airflow.sdk.task'`.","category":"DeprecatedImportWarning","filename":"/opt/airflow/dags/forcast_bitbot_dag.py","lineno":2,"logger":"py.warnings"}
{"timestamp":"2025-11-26T11:49:30.974470Z","level":"info","event":"Filling up the DagBag from /opt/airflow/dags/forcast_bitbot_dag.py","logger":"airflow.models.dagbag.DagBag","filename":"dagbag.py","lineno":593}
{"timestamp":"2025-11-26T11:49:32.316002Z","level":"warning","event":"The `airflow.decorators.task` attribute is deprecated. Please use `'airflow.sdk.task'`.","category":"DeprecatedImportWarning","filename":"/opt/airflow/dags/forcast_bitbot_dag.py","lineno":2,"logger":"py.warnings"}
{"timestamp":"2025-11-26T12:34:32.059587Z","level":"info","event":"Filling up the DagBag from /opt/airflow/dags/forcast_bitbot_dag.py","logger":"airflow.models.dagbag.DagBag","filename":"dagbag.py","lineno":593}
{"timestamp":"2025-11-26T12:34:33.246996Z","level":"warning","event":"The `airflow.decorators.task` attribute is deprecated. Please use `'airflow.sdk.task'`.","category":"DeprecatedImportWarning","filename":"/opt/airflow/dags/forcast_bitbot_dag.py","lineno":2,"logger":"py.warnings"}
{"timestamp":"2025-11-26T12:52:51.844685Z","level":"info","event":"Filling up the DagBag from /opt/airflow/dags/forcast_bitbot_dag.py","logger":"airflow.models.dagbag.DagBag","filename":"dagbag.py","lineno":593}
{"timestamp":"2025-11-26T12:52:53.619947Z","level":"warning","event":"The `airflow.decorators.task` attribute is deprecated. Please use `'airflow.sdk.task'`.","category":"DeprecatedImportWarning","filename":"/opt/airflow/dags/forcast_bitbot_dag.py","lineno":2,"logger":"py.warnings"}
{"timestamp":"2025-11-26T13:35:29.546939Z","level":"info","event":"Filling up the DagBag from /opt/airflow/dags/forcast_bitbot_dag.py","logger":"airflow.models.dagbag.DagBag","filename":"dagbag.py","lineno":593}
{"timestamp":"2025-11-26T13:35:30.824443Z","level":"warning","event":"The `airflow.decorators.task` attribute is deprecated. Please use `'airflow.sdk.task'`.","category":"DeprecatedImportWarning","filename":"/opt/airflow/dags/forcast_bitbot_dag.py","lineno":2,"logger":"py.warnings"}
{"timestamp":"2025-11-26T13:36:01.345528Z","level":"info","event":"Filling up the DagBag from /opt/airflow/dags/forcast_bitbot_dag.py","logger":"airflow.models.dagbag.DagBag","filename":"dagbag.py","lineno":593}
{"timestamp":"2025-11-26T13:36:02.238608Z","level":"warning","event":"The `airflow.decorators.task` attribute is deprecated. Please use `'airflow.sdk.task'`.","category":"DeprecatedImportWarning","filename":"/opt/airflow/dags/forcast_bitbot_dag.py","lineno":2,"logger":"py.warnings"}
{"timestamp":"2025-11-26T13:47:12.742236Z","level":"info","event":"Filling up the DagBag from /opt/airflow/dags/forcast_bitbot_dag.py","logger":"airflow.models.dagbag.DagBag","filename":"dagbag.py","lineno":593}
{"timestamp":"2025-11-26T13:47:13.869884Z","level":"warning","event":"The `airflow.decorators.task` attribute is deprecated. Please use `'airflow.sdk.task'`.","category":"DeprecatedImportWarning","filename":"/opt/airflow/dags/forcast_bitbot_dag.py","lineno":2,"logger":"py.warnings"}
{"timestamp":"2025-11-26T14:36:14.964699Z","level":"info","event":"Filling up the DagBag from /opt/airflow/dags/forcast_bitbot_dag.py","logger":"airflow.models.dagbag.DagBag","filename":"dagbag.py","lineno":593}
{"timestamp":"2025-11-26T14:36:17.623621Z","level":"warning","event":"The `airflow.decorators.task` attribute is deprecated. Please use `'airflow.sdk.task'`.","category":"DeprecatedImportWarning","filename":"/opt/airflow/dags/forcast_bitbot_dag.py","lineno":2,"logger":"py.warnings"}
{"timestamp":"2025-11-26T14:36:48.222957Z","level":"info","event":"Filling up the DagBag from /opt/airflow/dags/forcast_bitbot_dag.py","logger":"airflow.models.dagbag.DagBag","filename":"dagbag.py","lineno":593}
{"timestamp":"2025-11-26T14:36:49.092318Z","level":"warning","event":"The `airflow.decorators.task` attribute is deprecated. Please use `'airflow.sdk.task'`.","category":"DeprecatedImportWarning","filename":"/opt/airflow/dags/forcast_bitbot_dag.py","lineno":2,"logger":"py.warnings"}
{"timestamp":"2025-11-26T15:29:02.080689Z","level":"info","event":"Filling up the DagBag from /opt/airflow/dags/forcast_bitbot_dag.py","logger":"airflow.models.dagbag.DagBag","filename":"dagbag.py","lineno":593}
{"timestamp":"2025-11-26T15:29:03.643648Z","level":"warning","event":"The `airflow.decorators.task` attribute is deprecated. Please use `'airflow.sdk.task'`.","category":"DeprecatedImportWarning","filename":"/opt/airflow/dags/forcast_bitbot_dag.py","lineno":2,"logger":"py.warnings"}
{"timestamp":"2025-11-26T15:37:42.016516Z","level":"info","event":"Filling up the DagBag from /opt/airflow/dags/forcast_bitbot_dag.py","logger":"airflow.models.dagbag.DagBag","filename":"dagbag.py","lineno":593}
{"timestamp":"2025-11-26T15:37:43.869771Z","level":"warning","event":"The `airflow.decorators.task` attribute is deprecated. Please use `'airflow.sdk.task'`.","category":"DeprecatedImportWarning","filename":"/opt/airflow/dags/forcast_bitbot_dag.py","lineno":2,"logger":"py.warnings"}
{"timestamp":"2025-11-26T15:58:21.311734Z","level":"info","event":"Filling up the DagBag from /opt/airflow/dags/forcast_bitbot_dag.py","logger":"airflow.models.dagbag.DagBag","filename":"dagbag.py","lineno":593}
{"timestamp":"2025-11-26T15:58:22.326540Z","level":"warning","event":"The `airflow.decorators.task` attribute is deprecated. Please use `'airflow.sdk.task'`.","category":"DeprecatedImportWarning","filename":"/opt/airflow/dags/forcast_bitbot_dag.py","lineno":2,"logger":"py.warnings"}
{"timestamp":"2025-11-26T15:58:52.924923Z","level":"info","event":"Filling up the DagBag from /opt/airflow/dags/forcast_bitbot_dag.py","logger":"airflow.models.dagbag.DagBag","filename":"dagbag.py","lineno":593}
{"timestamp":"2025-11-26T15:58:53.825639Z","level":"warning","event":"The `airflow.decorators.task` attribute is deprecated. Please use `'airflow.sdk.task'`.","category":"DeprecatedImportWarning","filename":"/opt/airflow/dags/forcast_bitbot_dag.py","lineno":2,"logger":"py.warnings"}
{"timestamp":"2025-11-26T16:24:42.402369Z","level":"info","event":"Filling up the DagBag from /opt/airflow/dags/forcast_bitbot_dag.py","logger":"airflow.models.dagbag.DagBag","filename":"dagbag.py","lineno":593}
{"timestamp":"2025-11-26T16:24:45.325260Z","level":"warning","event":"The `airflow.decorators.task` attribute is deprecated. Please use `'airflow.sdk.task'`.","category":"DeprecatedImportWarning","filename":"/opt/airflow/dags/forcast_bitbot_dag.py","lineno":2,"logger":"py.warnings"}
{"timestamp":"2025-11-26T16:25:17.175207Z","level":"info","event":"Filling up the DagBag from /opt/airflow/dags/forcast_bitbot_dag.py","logger":"airflow.models.dagbag.DagBag","filename":"dagbag.py","lineno":593}
{"timestamp":"2025-11-26T16:25:18.796841Z","level":"warning","event":"The `airflow.decorators.task` attribute is deprecated. Please use `'airflow.sdk.task'`.","category":"DeprecatedImportWarning","filename":"/opt/airflow/dags/forcast_bitbot_dag.py","lineno":2,"logger":"py.warnings"}
{"timestamp":"2025-11-26T16:38:41.110703Z","level":"info","event":"Filling up the DagBag from /opt/airflow/dags/forcast_bitbot_dag.py","logger":"airflow.models.dagbag.DagBag","filename":"dagbag.py","lineno":593}
{"timestamp":"2025-11-26T16:38:42.572178Z","level":"warning","event":"The `airflow.decorators.task` attribute is deprecated. Please use `'airflow.sdk.task'`.","category":"DeprecatedImportWarning","filename":"/opt/airflow/dags/forcast_bitbot_dag.py","lineno":2,"logger":"py.warnings"}
{"timestamp":"2025-11-26T17:12:51.948465Z","level":"info","event":"Filling up the DagBag from /opt/airflow/dags/forcast_bitbot_dag.py","logger":"airflow.models.dagbag.DagBag","filename":"dagbag.py","lineno":593}
{"timestamp":"2025-11-26T17:12:54.680846Z","level":"warning","event":"The `airflow.decorators.task` attribute is deprecated. Please use `'airflow.sdk.task'`.","category":"DeprecatedImportWarning","filename":"/opt/airflow/dags/forcast_bitbot_dag.py","lineno":2,"logger":"py.warnings"}
{"timestamp":"2025-11-26T17:39:37.651682Z","level":"info","event":"Filling up the DagBag from /opt/airflow/dags/forcast_bitbot_dag.py","logger":"airflow.models.dagbag.DagBag","filename":"dagbag.py","lineno":593}
{"timestamp":"2025-11-26T17:39:39.123304Z","level":"warning","event":"The `airflow.decorators.task` attribute is deprecated. Please use `'airflow.sdk.task'`.","category":"DeprecatedImportWarning","filename":"/opt/airflow/dags/forcast_bitbot_dag.py","lineno":2,"logger":"py.warnings"}
{"timestamp":"2025-11-26T18:11:31.995926Z","level":"info","event":"Filling up the DagBag from /opt/airflow/dags/forcast_bitbot_dag.py","logger":"airflow.models.dagbag.DagBag","filename":"dagbag.py","lineno":593}
{"timestamp":"2025-11-26T18:11:34.250932Z","level":"warning","event":"The `airflow.decorators.task` attribute is deprecated. Please use `'airflow.sdk.task'`.","category":"DeprecatedImportWarning","filename":"/opt/airflow/dags/forcast_bitbot_dag.py","lineno":2,"logger":"py.warnings"}
{"timestamp":"2025-11-26T18:30:18.394744Z","level":"info","event":"Filling up the DagBag from /opt/airflow/dags/forcast_bitbot_dag.py","logger":"airflow.models.dagbag.DagBag","filename":"dagbag.py","lineno":593}
{"timestamp":"2025-11-26T18:30:19.763411Z","level":"warning","event":"The `airflow.decorators.task` attribute is deprecated. Please use `'airflow.sdk.task'`.","category":"DeprecatedImportWarning","filename":"/opt/airflow/dags/forcast_bitbot_dag.py","lineno":2,"logger":"py.warnings"}
{"timestamp":"2025-11-26T18:30:50.350248Z","level":"info","event":"Filling up the DagBag from /opt/airflow/dags/forcast_bitbot_dag.py","logger":"airflow.models.dagbag.DagBag","filename":"dagbag.py","lineno":593}
{"timestamp":"2025-11-26T18:30:51.221100Z","level":"warning","event":"The `airflow.decorators.task` attribute is deprecated. Please use `'airflow.sdk.task'`.","category":"DeprecatedImportWarning","filename":"/opt/airflow/dags/forcast_bitbot_dag.py","lineno":2,"logger":"py.warnings"}
{"timestamp":"2025-11-26T18:31:21.844292Z","level":"info","event":"Filling up the DagBag from /opt/airflow/dags/forcast_bitbot_dag.py","logger":"airflow.models.dagbag.DagBag","filename":"dagbag.py","lineno":593}
{"timestamp":"2025-11-26T18:31:22.770221Z","level":"warning","event":"The `airflow.decorators.task` attribute is deprecated. Please use `'airflow.sdk.task'`.","category":"DeprecatedImportWarning","filename":"/opt/airflow/dags/forcast_bitbot_dag.py","lineno":2,"logger":"py.warnings"}
{"timestamp":"2025-11-26T18:31:53.325455Z","level":"info","event":"Filling up the DagBag from /opt/airflow/dags/forcast_bitbot_dag.py","logger":"airflow.models.dagbag.DagBag","filename":"dagbag.py","lineno":593}
{"timestamp":"2025-11-26T18:31:54.177086Z","level":"warning","event":"The `airflow.decorators.task` attribute is deprecated. Please use `'airflow.sdk.task'`.","category":"DeprecatedImportWarning","filename":"/opt/airflow/dags/forcast_bitbot_dag.py","lineno":2,"logger":"py.warnings"}
{"timestamp":"2025-11-26T18:33:22.310151Z","level":"info","event":"Filling up the DagBag from /opt/airflow/dags/forcast_bitbot_dag.py","logger":"airflow.models.dagbag.DagBag","filename":"dagbag.py","lineno":593}
{"timestamp":"2025-11-26T18:33:23.626792Z","level":"warning","event":"The `airflow.decorators.task` attribute is deprecated. Please use `'airflow.sdk.task'`.","category":"DeprecatedImportWarning","filename":"/opt/airflow/dags/forcast_bitbot_dag.py","lineno":2,"logger":"py.warnings"}
{"timestamp":"2025-11-26T18:33:54.205599Z","level":"info","event":"Filling up the DagBag from /opt/airflow/dags/forcast_bitbot_dag.py","logger":"airflow.models.dagbag.DagBag","filename":"dagbag.py","lineno":593}
{"timestamp":"2025-11-26T18:33:55.122293Z","level":"warning","event":"The `airflow.decorators.task` attribute is deprecated. Please use `'airflow.sdk.task'`.","category":"DeprecatedImportWarning","filename":"/opt/airflow/dags/forcast_bitbot_dag.py","lineno":2,"logger":"py.warnings"}
{"timestamp":"2025-11-26T18:34:25.751149Z","level":"info","event":"Filling up the DagBag from /opt/airflow/dags/forcast_bitbot_dag.py","logger":"airflow.models.dagbag.DagBag","filename":"dagbag.py","lineno":593}
{"timestamp":"2025-11-26T18:34:26.856580Z","level":"warning","event":"The `airflow.decorators.task` attribute is deprecated. Please use `'airflow.sdk.task'`.","category":"DeprecatedImportWarning","filename":"/opt/airflow/dags/forcast_bitbot_dag.py","lineno":2,"logger":"py.warnings"}
{"timestamp":"2025-11-26T18:34:57.330461Z","level":"info","event":"Filling up the DagBag from /opt/airflow/dags/forcast_bitbot_dag.py","logger":"airflow.models.dagbag.DagBag","filename":"dagbag.py","lineno":593}
{"timestamp":"2025-11-26T18:34:58.265218Z","level":"warning","event":"The `airflow.decorators.task` attribute is deprecated. Please use `'airflow.sdk.task'`.","category":"DeprecatedImportWarning","filename":"/opt/airflow/dags/forcast_bitbot_dag.py","lineno":2,"logger":"py.warnings"}
{"timestamp":"2025-11-26T18:35:28.839206Z","level":"info","event":"Filling up the DagBag from /opt/airflow/dags/forcast_bitbot_dag.py","logger":"airflow.models.dagbag.DagBag","filename":"dagbag.py","lineno":593}
{"timestamp":"2025-11-26T18:35:29.798587Z","level":"warning","event":"The `airflow.decorators.task` attribute is deprecated. Please use `'airflow.sdk.task'`.","category":"DeprecatedImportWarning","filename":"/opt/airflow/dags/forcast_bitbot_dag.py","lineno":2,"logger":"py.warnings"}
{"timestamp":"2025-11-26T18:36:00.377276Z","level":"info","event":"Filling up the DagBag from /opt/airflow/dags/forcast_bitbot_dag.py","logger":"airflow.models.dagbag.DagBag","filename":"dagbag.py","lineno":593}
{"timestamp":"2025-11-26T18:36:01.433964Z","level":"warning","event":"The `airflow.decorators.task` attribute is deprecated. Please use `'airflow.sdk.task'`.","category":"DeprecatedImportWarning","filename":"/opt/airflow/dags/forcast_bitbot_dag.py","lineno":2,"logger":"py.warnings"}
{"timestamp":"2025-11-26T18:36:31.894091Z","level":"info","event":"Filling up the DagBag from /opt/airflow/dags/forcast_bitbot_dag.py","logger":"airflow.models.dagbag.DagBag","filename":"dagbag.py","lineno":593}
{"timestamp":"2025-11-26T18:36:32.868153Z","level":"warning","event":"The `airflow.decorators.task` attribute is deprecated. Please use `'airflow.sdk.task'`.","category":"DeprecatedImportWarning","filename":"/opt/airflow/dags/forcast_bitbot_dag.py","lineno":2,"logger":"py.warnings"}
{"timestamp":"2025-11-26T18:37:03.354322Z","level":"info","event":"Filling up the DagBag from /opt/airflow/dags/forcast_bitbot_dag.py","logger":"airflow.models.dagbag.DagBag","filename":"dagbag.py","lineno":593}
{"timestamp":"2025-11-26T18:37:04.209704Z","level":"warning","event":"The `airflow.decorators.task` attribute is deprecated. Please use `'airflow.sdk.task'`.","category":"DeprecatedImportWarning","filename":"/opt/airflow/dags/forcast_bitbot_dag.py","lineno":2,"logger":"py.warnings"}
{"timestamp":"2025-11-26T18:37:34.805470Z","level":"info","event":"Filling up the DagBag from /opt/airflow/dags/forcast_bitbot_dag.py","logger":"airflow.models.dagbag.DagBag","filename":"dagbag.py","lineno":593}
{"timestamp":"2025-11-26T18:37:35.649749Z","level":"warning","event":"The `airflow.decorators.task` attribute is deprecated. Please use `'airflow.sdk.task'`.","category":"DeprecatedImportWarning","filename":"/opt/airflow/dags/forcast_bitbot_dag.py","lineno":2,"logger":"py.warnings"}
{"timestamp":"2025-11-26T18:38:06.191619Z","level":"info","event":"Filling up the DagBag from /opt/airflow/dags/forcast_bitbot_dag.py","logger":"airflow.models.dagbag.DagBag","filename":"dagbag.py","lineno":593}
{"timestamp":"2025-11-26T18:38:07.089214Z","level":"warning","event":"The `airflow.decorators.task` attribute is deprecated. Please use `'airflow.sdk.task'`.","category":"DeprecatedImportWarning","filename":"/opt/airflow/dags/forcast_bitbot_dag.py","lineno":2,"logger":"py.warnings"}
{"timestamp":"2025-11-26T18:38:37.567944Z","level":"info","event":"Filling up the DagBag from /opt/airflow/dags/forcast_bitbot_dag.py","logger":"airflow.models.dagbag.DagBag","filename":"dagbag.py","lineno":593}
{"timestamp":"2025-11-26T18:38:38.457124Z","level":"warning","event":"The `airflow.decorators.task` attribute is deprecated. Please use `'airflow.sdk.task'`.","category":"DeprecatedImportWarning","filename":"/opt/airflow/dags/forcast_bitbot_dag.py","lineno":2,"logger":"py.warnings"}
{"timestamp":"2025-11-26T18:39:10.067461Z","level":"info","event":"Filling up the DagBag from /opt/airflow/dags/forcast_bitbot_dag.py","logger":"airflow.models.dagbag.DagBag","filename":"dagbag.py","lineno":593}
{"timestamp":"2025-11-26T18:39:10.916892Z","level":"warning","event":"The `airflow.decorators.task` attribute is deprecated. Please use `'airflow.sdk.task'`.","category":"DeprecatedImportWarning","filename":"/opt/airflow/dags/forcast_bitbot_dag.py","lineno":2,"logger":"py.warnings"}
{"timestamp":"2025-11-26T18:39:41.408913Z","level":"info","event":"Filling up the DagBag from /opt/airflow/dags/forcast_bitbot_dag.py","logger":"airflow.models.dagbag.DagBag","filename":"dagbag.py","lineno":593}
{"timestamp":"2025-11-26T18:39:42.437222Z","level":"warning","event":"The `airflow.decorators.task` attribute is deprecated. Please use `'airflow.sdk.task'`.","category":"DeprecatedImportWarning","filename":"/opt/airflow/dags/forcast_bitbot_dag.py","lineno":2,"logger":"py.warnings"}
{"timestamp":"2025-11-26T18:40:12.882485Z","level":"info","event":"Filling up the DagBag from /opt/airflow/dags/forcast_bitbot_dag.py","logger":"airflow.models.dagbag.DagBag","filename":"dagbag.py","lineno":593}
{"timestamp":"2025-11-26T18:40:13.784859Z","level":"warning","event":"The `airflow.decorators.task` attribute is deprecated. Please use `'airflow.sdk.task'`.","category":"DeprecatedImportWarning","filename":"/opt/airflow/dags/forcast_bitbot_dag.py","lineno":2,"logger":"py.warnings"}
{"timestamp":"2025-11-26T18:40:44.248142Z","level":"info","event":"Filling up the DagBag from /opt/airflow/dags/forcast_bitbot_dag.py","logger":"airflow.models.dagbag.DagBag","filename":"dagbag.py","lineno":593}
{"timestamp":"2025-11-26T18:40:45.041276Z","level":"warning","event":"The `airflow.decorators.task` attribute is deprecated. Please use `'airflow.sdk.task'`.","category":"DeprecatedImportWarning","filename":"/opt/airflow/dags/forcast_bitbot_dag.py","lineno":2,"logger":"py.warnings"}
{"timestamp":"2025-11-26T18:41:15.521979Z","level":"info","event":"Filling up the DagBag from /opt/airflow/dags/forcast_bitbot_dag.py","logger":"airflow.models.dagbag.DagBag","filename":"dagbag.py","lineno":593}
{"timestamp":"2025-11-26T18:41:16.693609Z","level":"warning","event":"The `airflow.decorators.task` attribute is deprecated. Please use `'airflow.sdk.task'`.","category":"DeprecatedImportWarning","filename":"/opt/airflow/dags/forcast_bitbot_dag.py","lineno":2,"logger":"py.warnings"}
{"timestamp":"2025-11-26T18:41:55.501370Z","level":"info","event":"Filling up the DagBag from /opt/airflow/dags/forcast_bitbot_dag.py","logger":"airflow.models.dagbag.DagBag","filename":"dagbag.py","lineno":593}
{"timestamp":"2025-11-26T18:41:57.389623Z","level":"warning","event":"The `airflow.decorators.task` attribute is deprecated. Please use `'airflow.sdk.task'`.","category":"DeprecatedImportWarning","filename":"/opt/airflow/dags/forcast_bitbot_dag.py","lineno":2,"logger":"py.warnings"}
{"timestamp":"2025-11-26T18:42:27.942228Z","level":"info","event":"Filling up the DagBag from /opt/airflow/dags/forcast_bitbot_dag.py","logger":"airflow.models.dagbag.DagBag","filename":"dagbag.py","lineno":593}
{"timestamp":"2025-11-26T18:42:28.862383Z","level":"warning","event":"The `airflow.decorators.task` attribute is deprecated. Please use `'airflow.sdk.task'`.","category":"DeprecatedImportWarning","filename":"/opt/airflow/dags/forcast_bitbot_dag.py","lineno":2,"logger":"py.warnings"}
{"timestamp":"2025-11-26T18:42:59.216485Z","level":"info","event":"Filling up the DagBag from /opt/airflow/dags/forcast_bitbot_dag.py","logger":"airflow.models.dagbag.DagBag","filename":"dagbag.py","lineno":593}
{"timestamp":"2025-11-26T18:43:01.259113Z","level":"warning","event":"The `airflow.decorators.task` attribute is deprecated. Please use `'airflow.sdk.task'`.","category":"DeprecatedImportWarning","filename":"/opt/airflow/dags/forcast_bitbot_dag.py","lineno":2,"logger":"py.warnings"}
{"timestamp":"2025-11-26T18:43:33.040279Z","level":"info","event":"Filling up the DagBag from /opt/airflow/dags/forcast_bitbot_dag.py","logger":"airflow.models.dagbag.DagBag","filename":"dagbag.py","lineno":593}
{"timestamp":"2025-11-26T18:43:34.484134Z","level":"warning","event":"The `airflow.decorators.task` attribute is deprecated. Please use `'airflow.sdk.task'`.","category":"DeprecatedImportWarning","filename":"/opt/airflow/dags/forcast_bitbot_dag.py","lineno":2,"logger":"py.warnings"}
{"timestamp":"2025-11-26T18:44:06.396938Z","level":"info","event":"Filling up the DagBag from /opt/airflow/dags/forcast_bitbot_dag.py","logger":"airflow.models.dagbag.DagBag","filename":"dagbag.py","lineno":593}
{"timestamp":"2025-11-26T18:44:07.862056Z","level":"warning","event":"The `airflow.decorators.task` attribute is deprecated. Please use `'airflow.sdk.task'`.","category":"DeprecatedImportWarning","filename":"/opt/airflow/dags/forcast_bitbot_dag.py","lineno":2,"logger":"py.warnings"}
{"timestamp":"2025-11-26T18:44:38.420835Z","level":"info","event":"Filling up the DagBag from /opt/airflow/dags/forcast_bitbot_dag.py","logger":"airflow.models.dagbag.DagBag","filename":"dagbag.py","lineno":593}
{"timestamp":"2025-11-26T18:44:39.497663Z","level":"warning","event":"The `airflow.decorators.task` attribute is deprecated. Please use `'airflow.sdk.task'`.","category":"DeprecatedImportWarning","filename":"/opt/airflow/dags/forcast_bitbot_dag.py","lineno":2,"logger":"py.warnings"}
{"timestamp":"2025-11-26T18:45:10.025427Z","level":"info","event":"Filling up the DagBag from /opt/airflow/dags/forcast_bitbot_dag.py","logger":"airflow.models.dagbag.DagBag","filename":"dagbag.py","lineno":593}
{"timestamp":"2025-11-26T18:45:11.303194Z","level":"warning","event":"The `airflow.decorators.task` attribute is deprecated. Please use `'airflow.sdk.task'`.","category":"DeprecatedImportWarning","filename":"/opt/airflow/dags/forcast_bitbot_dag.py","lineno":2,"logger":"py.warnings"}
{"timestamp":"2025-11-26T18:45:41.878674Z","level":"info","event":"Filling up the DagBag from /opt/airflow/dags/forcast_bitbot_dag.py","logger":"airflow.models.dagbag.DagBag","filename":"dagbag.py","lineno":593}
{"timestamp":"2025-11-26T18:45:42.914403Z","level":"warning","event":"The `airflow.decorators.task` attribute is deprecated. Please use `'airflow.sdk.task'`.","category":"DeprecatedImportWarning","filename":"/opt/airflow/dags/forcast_bitbot_dag.py","lineno":2,"logger":"py.warnings"}
{"timestamp":"2025-11-26T18:46:13.508289Z","level":"info","event":"Filling up the DagBag from /opt/airflow/dags/forcast_bitbot_dag.py","logger":"airflow.models.dagbag.DagBag","filename":"dagbag.py","lineno":593}
{"timestamp":"2025-11-26T18:46:14.418310Z","level":"warning","event":"The `airflow.decorators.task` attribute is deprecated. Please use `'airflow.sdk.task'`.","category":"DeprecatedImportWarning","filename":"/opt/airflow/dags/forcast_bitbot_dag.py","lineno":2,"logger":"py.warnings"}
{"timestamp":"2025-11-26T18:46:44.958959Z","level":"info","event":"Filling up the DagBag from /opt/airflow/dags/forcast_bitbot_dag.py","logger":"airflow.models.dagbag.DagBag","filename":"dagbag.py","lineno":593}
{"timestamp":"2025-11-26T18:46:45.931883Z","level":"warning","event":"The `airflow.decorators.task` attribute is deprecated. Please use `'airflow.sdk.task'`.","category":"DeprecatedImportWarning","filename":"/opt/airflow/dags/forcast_bitbot_dag.py","lineno":2,"logger":"py.warnings"}
{"timestamp":"2025-11-26T18:47:16.475262Z","level":"info","event":"Filling up the DagBag from /opt/airflow/dags/forcast_bitbot_dag.py","logger":"airflow.models.dagbag.DagBag","filename":"dagbag.py","lineno":593}
{"timestamp":"2025-11-26T18:47:17.296632Z","level":"warning","event":"The `airflow.decorators.task` attribute is deprecated. Please use `'airflow.sdk.task'`.","category":"DeprecatedImportWarning","filename":"/opt/airflow/dags/forcast_bitbot_dag.py","lineno":2,"logger":"py.warnings"}
{"timestamp":"2025-11-26T18:47:47.784506Z","level":"info","event":"Filling up the DagBag from /opt/airflow/dags/forcast_bitbot_dag.py","logger":"airflow.models.dagbag.DagBag","filename":"dagbag.py","lineno":593}
{"timestamp":"2025-11-26T18:47:48.689889Z","level":"warning","event":"The `airflow.decorators.task` attribute is deprecated. Please use `'airflow.sdk.task'`.","category":"DeprecatedImportWarning","filename":"/opt/airflow/dags/forcast_bitbot_dag.py","lineno":2,"logger":"py.warnings"}
{"timestamp":"2025-11-26T18:48:19.217678Z","level":"info","event":"Filling up the DagBag from /opt/airflow/dags/forcast_bitbot_dag.py","logger":"airflow.models.dagbag.DagBag","filename":"dagbag.py","lineno":593}
{"timestamp":"2025-11-26T18:48:19.997916Z","level":"warning","event":"The `airflow.decorators.task` attribute is deprecated. Please use `'airflow.sdk.task'`.","category":"DeprecatedImportWarning","filename":"/opt/airflow/dags/forcast_bitbot_dag.py","lineno":2,"logger":"py.warnings"}
{"timestamp":"2025-11-26T18:48:50.534849Z","level":"info","event":"Filling up the DagBag from /opt/airflow/dags/forcast_bitbot_dag.py","logger":"airflow.models.dagbag.DagBag","filename":"dagbag.py","lineno":593}
{"timestamp":"2025-11-26T18:48:51.411011Z","level":"warning","event":"The `airflow.decorators.task` attribute is deprecated. Please use `'airflow.sdk.task'`.","category":"DeprecatedImportWarning","filename":"/opt/airflow/dags/forcast_bitbot_dag.py","lineno":2,"logger":"py.warnings"}
{"timestamp":"2025-11-26T18:49:21.941006Z","level":"info","event":"Filling up the DagBag from /opt/airflow/dags/forcast_bitbot_dag.py","logger":"airflow.models.dagbag.DagBag","filename":"dagbag.py","lineno":593}
{"timestamp":"2025-11-26T18:49:23.047560Z","level":"warning","event":"The `airflow.decorators.task` attribute is deprecated. Please use `'airflow.sdk.task'`.","category":"DeprecatedImportWarning","filename":"/opt/airflow/dags/forcast_bitbot_dag.py","lineno":2,"logger":"py.warnings"}
{"timestamp":"2025-11-26T18:49:53.617555Z","level":"info","event":"Filling up the DagBag from /opt/airflow/dags/forcast_bitbot_dag.py","logger":"airflow.models.dagbag.DagBag","filename":"dagbag.py","lineno":593}
{"timestamp":"2025-11-26T18:49:54.496046Z","level":"warning","event":"The `airflow.decorators.task` attribute is deprecated. Please use `'airflow.sdk.task'`.","category":"DeprecatedImportWarning","filename":"/opt/airflow/dags/forcast_bitbot_dag.py","lineno":2,"logger":"py.warnings"}
{"timestamp":"2025-11-26T18:50:25.023804Z","level":"info","event":"Filling up the DagBag from /opt/airflow/dags/forcast_bitbot_dag.py","logger":"airflow.models.dagbag.DagBag","filename":"dagbag.py","lineno":593}
{"timestamp":"2025-11-26T18:50:26.108413Z","level":"warning","event":"The `airflow.decorators.task` attribute is deprecated. Please use `'airflow.sdk.task'`.","category":"DeprecatedImportWarning","filename":"/opt/airflow/dags/forcast_bitbot_dag.py","lineno":2,"logger":"py.warnings"}
{"timestamp":"2025-11-26T18:50:57.675408Z","level":"info","event":"Filling up the DagBag from /opt/airflow/dags/forcast_bitbot_dag.py","logger":"airflow.models.dagbag.DagBag","filename":"dagbag.py","lineno":593}
{"timestamp":"2025-11-26T18:50:58.554442Z","level":"warning","event":"The `airflow.decorators.task` attribute is deprecated. Please use `'airflow.sdk.task'`.","category":"DeprecatedImportWarning","filename":"/opt/airflow/dags/forcast_bitbot_dag.py","lineno":2,"logger":"py.warnings"}
{"timestamp":"2025-11-26T18:51:29.054635Z","level":"info","event":"Filling up the DagBag from /opt/airflow/dags/forcast_bitbot_dag.py","logger":"airflow.models.dagbag.DagBag","filename":"dagbag.py","lineno":593}
{"timestamp":"2025-11-26T18:51:29.954890Z","level":"warning","event":"The `airflow.decorators.task` attribute is deprecated. Please use `'airflow.sdk.task'`.","category":"DeprecatedImportWarning","filename":"/opt/airflow/dags/forcast_bitbot_dag.py","lineno":2,"logger":"py.warnings"}
{"timestamp":"2025-11-26T18:52:00.544387Z","level":"info","event":"Filling up the DagBag from /opt/airflow/dags/forcast_bitbot_dag.py","logger":"airflow.models.dagbag.DagBag","filename":"dagbag.py","lineno":593}
{"timestamp":"2025-11-26T18:52:01.387670Z","level":"warning","event":"The `airflow.decorators.task` attribute is deprecated. Please use `'airflow.sdk.task'`.","category":"DeprecatedImportWarning","filename":"/opt/airflow/dags/forcast_bitbot_dag.py","lineno":2,"logger":"py.warnings"}
{"timestamp":"2025-11-26T18:52:31.970034Z","level":"info","event":"Filling up the DagBag from /opt/airflow/dags/forcast_bitbot_dag.py","logger":"airflow.models.dagbag.DagBag","filename":"dagbag.py","lineno":593}
{"timestamp":"2025-11-26T18:52:32.894024Z","level":"warning","event":"The `airflow.decorators.task` attribute is deprecated. Please use `'airflow.sdk.task'`.","category":"DeprecatedImportWarning","filename":"/opt/airflow/dags/forcast_bitbot_dag.py","lineno":2,"logger":"py.warnings"}
{"timestamp":"2025-11-26T18:53:03.436579Z","level":"info","event":"Filling up the DagBag from /opt/airflow/dags/forcast_bitbot_dag.py","logger":"airflow.models.dagbag.DagBag","filename":"dagbag.py","lineno":593}
{"timestamp":"2025-11-26T18:53:04.228692Z","level":"warning","event":"The `airflow.decorators.task` attribute is deprecated. Please use `'airflow.sdk.task'`.","category":"DeprecatedImportWarning","filename":"/opt/airflow/dags/forcast_bitbot_dag.py","lineno":2,"logger":"py.warnings"}
{"timestamp":"2025-11-26T18:53:34.763671Z","level":"info","event":"Filling up the DagBag from /opt/airflow/dags/forcast_bitbot_dag.py","logger":"airflow.models.dagbag.DagBag","filename":"dagbag.py","lineno":593}
{"timestamp":"2025-11-26T18:53:36.013215Z","level":"warning","event":"The `airflow.decorators.task` attribute is deprecated. Please use `'airflow.sdk.task'`.","category":"DeprecatedImportWarning","filename":"/opt/airflow/dags/forcast_bitbot_dag.py","lineno":2,"logger":"py.warnings"}
{"timestamp":"2025-11-26T18:54:07.686846Z","level":"info","event":"Filling up the DagBag from /opt/airflow/dags/forcast_bitbot_dag.py","logger":"airflow.models.dagbag.DagBag","filename":"dagbag.py","lineno":593}
{"timestamp":"2025-11-26T18:54:08.605811Z","level":"warning","event":"The `airflow.decorators.task` attribute is deprecated. Please use `'airflow.sdk.task'`.","category":"DeprecatedImportWarning","filename":"/opt/airflow/dags/forcast_bitbot_dag.py","lineno":2,"logger":"py.warnings"}
{"timestamp":"2025-11-26T18:54:39.154018Z","level":"info","event":"Filling up the DagBag from /opt/airflow/dags/forcast_bitbot_dag.py","logger":"airflow.models.dagbag.DagBag","filename":"dagbag.py","lineno":593}
{"timestamp":"2025-11-26T18:54:40.021047Z","level":"warning","event":"The `airflow.decorators.task` attribute is deprecated. Please use `'airflow.sdk.task'`.","category":"DeprecatedImportWarning","filename":"/opt/airflow/dags/forcast_bitbot_dag.py","lineno":2,"logger":"py.warnings"}
{"timestamp":"2025-11-26T18:55:10.562129Z","level":"info","event":"Filling up the DagBag from /opt/airflow/dags/forcast_bitbot_dag.py","logger":"airflow.models.dagbag.DagBag","filename":"dagbag.py","lineno":593}
{"timestamp":"2025-11-26T18:55:11.439838Z","level":"warning","event":"The `airflow.decorators.task` attribute is deprecated. Please use `'airflow.sdk.task'`.","category":"DeprecatedImportWarning","filename":"/opt/airflow/dags/forcast_bitbot_dag.py","lineno":2,"logger":"py.warnings"}
{"timestamp":"2025-11-26T18:55:42.036545Z","level":"info","event":"Filling up the DagBag from /opt/airflow/dags/forcast_bitbot_dag.py","logger":"airflow.models.dagbag.DagBag","filename":"dagbag.py","lineno":593}
{"timestamp":"2025-11-26T18:55:43.040924Z","level":"warning","event":"The `airflow.decorators.task` attribute is deprecated. Please use `'airflow.sdk.task'`.","category":"DeprecatedImportWarning","filename":"/opt/airflow/dags/forcast_bitbot_dag.py","lineno":2,"logger":"py.warnings"}
{"timestamp":"2025-11-26T18:56:13.496932Z","level":"info","event":"Filling up the DagBag from /opt/airflow/dags/forcast_bitbot_dag.py","logger":"airflow.models.dagbag.DagBag","filename":"dagbag.py","lineno":593}
{"timestamp":"2025-11-26T18:56:14.416552Z","level":"warning","event":"The `airflow.decorators.task` attribute is deprecated. Please use `'airflow.sdk.task'`.","category":"DeprecatedImportWarning","filename":"/opt/airflow/dags/forcast_bitbot_dag.py","lineno":2,"logger":"py.warnings"}
{"timestamp":"2025-11-26T18:56:44.932471Z","level":"info","event":"Filling up the DagBag from /opt/airflow/dags/forcast_bitbot_dag.py","logger":"airflow.models.dagbag.DagBag","filename":"dagbag.py","lineno":593}
{"timestamp":"2025-11-26T18:56:45.925463Z","level":"warning","event":"The `airflow.decorators.task` attribute is deprecated. Please use `'airflow.sdk.task'`.","category":"DeprecatedImportWarning","filename":"/opt/airflow/dags/forcast_bitbot_dag.py","lineno":2,"logger":"py.warnings"}
{"timestamp":"2025-11-26T18:57:16.460290Z","level":"info","event":"Filling up the DagBag from /opt/airflow/dags/forcast_bitbot_dag.py","logger":"airflow.models.dagbag.DagBag","filename":"dagbag.py","lineno":593}
{"timestamp":"2025-11-26T18:57:17.396078Z","level":"warning","event":"The `airflow.decorators.task` attribute is deprecated. Please use `'airflow.sdk.task'`.","category":"DeprecatedImportWarning","filename":"/opt/airflow/dags/forcast_bitbot_dag.py","lineno":2,"logger":"py.warnings"}
{"timestamp":"2025-11-26T18:57:47.855498Z","level":"info","event":"Filling up the DagBag from /opt/airflow/dags/forcast_bitbot_dag.py","logger":"airflow.models.dagbag.DagBag","filename":"dagbag.py","lineno":593}
{"timestamp":"2025-11-26T18:57:48.948435Z","level":"warning","event":"The `airflow.decorators.task` attribute is deprecated. Please use `'airflow.sdk.task'`.","category":"DeprecatedImportWarning","filename":"/opt/airflow/dags/forcast_bitbot_dag.py","lineno":2,"logger":"py.warnings"}
{"timestamp":"2025-11-26T18:58:19.561481Z","level":"info","event":"Filling up the DagBag from /opt/airflow/dags/forcast_bitbot_dag.py","logger":"airflow.models.dagbag.DagBag","filename":"dagbag.py","lineno":593}
{"timestamp":"2025-11-26T18:58:20.618875Z","level":"warning","event":"The `airflow.decorators.task` attribute is deprecated. Please use `'airflow.sdk.task'`.","category":"DeprecatedImportWarning","filename":"/opt/airflow/dags/forcast_bitbot_dag.py","lineno":2,"logger":"py.warnings"}
{"timestamp":"2025-11-26T18:58:51.204529Z","level":"info","event":"Filling up the DagBag from /opt/airflow/dags/forcast_bitbot_dag.py","logger":"airflow.models.dagbag.DagBag","filename":"dagbag.py","lineno":593}
{"timestamp":"2025-11-26T18:58:52.124051Z","level":"warning","event":"The `airflow.decorators.task` attribute is deprecated. Please use `'airflow.sdk.task'`.","category":"DeprecatedImportWarning","filename":"/opt/airflow/dags/forcast_bitbot_dag.py","lineno":2,"logger":"py.warnings"}
{"timestamp":"2025-11-26T18:59:22.613750Z","level":"info","event":"Filling up the DagBag from /opt/airflow/dags/forcast_bitbot_dag.py","logger":"airflow.models.dagbag.DagBag","filename":"dagbag.py","lineno":593}
{"timestamp":"2025-11-26T18:59:23.386092Z","level":"warning","event":"The `airflow.decorators.task` attribute is deprecated. Please use `'airflow.sdk.task'`.","category":"DeprecatedImportWarning","filename":"/opt/airflow/dags/forcast_bitbot_dag.py","lineno":2,"logger":"py.warnings"}
{"timestamp":"2025-11-26T18:59:53.913923Z","level":"info","event":"Filling up the DagBag from /opt/airflow/dags/forcast_bitbot_dag.py","logger":"airflow.models.dagbag.DagBag","filename":"dagbag.py","lineno":593}
{"timestamp":"2025-11-26T18:59:55.136448Z","level":"warning","event":"The `airflow.decorators.task` attribute is deprecated. Please use `'airflow.sdk.task'`.","category":"DeprecatedImportWarning","filename":"/opt/airflow/dags/forcast_bitbot_dag.py","lineno":2,"logger":"py.warnings"}
{"timestamp":"2025-11-26T19:00:25.936036Z","level":"info","event":"Filling up the DagBag from /opt/airflow/dags/forcast_bitbot_dag.py","logger":"airflow.models.dagbag.DagBag","filename":"dagbag.py","lineno":593}
{"timestamp":"2025-11-26T19:00:26.998435Z","level":"warning","event":"The `airflow.decorators.task` attribute is deprecated. Please use `'airflow.sdk.task'`.","category":"DeprecatedImportWarning","filename":"/opt/airflow/dags/forcast_bitbot_dag.py","lineno":2,"logger":"py.warnings"}
{"timestamp":"2025-11-26T19:00:57.546544Z","level":"info","event":"Filling up the DagBag from /opt/airflow/dags/forcast_bitbot_dag.py","logger":"airflow.models.dagbag.DagBag","filename":"dagbag.py","lineno":593}
{"timestamp":"2025-11-26T19:00:58.535619Z","level":"warning","event":"The `airflow.decorators.task` attribute is deprecated. Please use `'airflow.sdk.task'`.","category":"DeprecatedImportWarning","filename":"/opt/airflow/dags/forcast_bitbot_dag.py","lineno":2,"logger":"py.warnings"}
{"timestamp":"2025-11-26T19:01:29.181255Z","level":"info","event":"Filling up the DagBag from /opt/airflow/dags/forcast_bitbot_dag.py","logger":"airflow.models.dagbag.DagBag","filename":"dagbag.py","lineno":593}
{"timestamp":"2025-11-26T19:01:30.178234Z","level":"warning","event":"The `airflow.decorators.task` attribute is deprecated. Please use `'airflow.sdk.task'`.","category":"DeprecatedImportWarning","filename":"/opt/airflow/dags/forcast_bitbot_dag.py","lineno":2,"logger":"py.warnings"}
{"timestamp":"2025-11-26T19:02:00.790265Z","level":"info","event":"Filling up the DagBag from /opt/airflow/dags/forcast_bitbot_dag.py","logger":"airflow.models.dagbag.DagBag","filename":"dagbag.py","lineno":593}
{"timestamp":"2025-11-26T19:02:01.711241Z","level":"warning","event":"The `airflow.decorators.task` attribute is deprecated. Please use `'airflow.sdk.task'`.","category":"DeprecatedImportWarning","filename":"/opt/airflow/dags/forcast_bitbot_dag.py","lineno":2,"logger":"py.warnings"}
{"timestamp":"2025-11-26T19:02:32.477033Z","level":"info","event":"Filling up the DagBag from /opt/airflow/dags/forcast_bitbot_dag.py","logger":"airflow.models.dagbag.DagBag","filename":"dagbag.py","lineno":593}
{"timestamp":"2025-11-26T19:02:33.379196Z","level":"warning","event":"The `airflow.decorators.task` attribute is deprecated. Please use `'airflow.sdk.task'`.","category":"DeprecatedImportWarning","filename":"/opt/airflow/dags/forcast_bitbot_dag.py","lineno":2,"logger":"py.warnings"}
{"timestamp":"2025-11-26T19:03:03.974939Z","level":"info","event":"Filling up the DagBag from /opt/airflow/dags/forcast_bitbot_dag.py","logger":"airflow.models.dagbag.DagBag","filename":"dagbag.py","lineno":593}
{"timestamp":"2025-11-26T19:03:04.941227Z","level":"warning","event":"The `airflow.decorators.task` attribute is deprecated. Please use `'airflow.sdk.task'`.","category":"DeprecatedImportWarning","filename":"/opt/airflow/dags/forcast_bitbot_dag.py","lineno":2,"logger":"py.warnings"}
{"timestamp":"2025-11-26T19:03:35.588654Z","level":"info","event":"Filling up the DagBag from /opt/airflow/dags/forcast_bitbot_dag.py","logger":"airflow.models.dagbag.DagBag","filename":"dagbag.py","lineno":593}
{"timestamp":"2025-11-26T19:03:36.574963Z","level":"warning","event":"The `airflow.decorators.task` attribute is deprecated. Please use `'airflow.sdk.task'`.","category":"DeprecatedImportWarning","filename":"/opt/airflow/dags/forcast_bitbot_dag.py","lineno":2,"logger":"py.warnings"}
{"timestamp":"2025-11-26T19:04:07.094726Z","level":"info","event":"Filling up the DagBag from /opt/airflow/dags/forcast_bitbot_dag.py","logger":"airflow.models.dagbag.DagBag","filename":"dagbag.py","lineno":593}
{"timestamp":"2025-11-26T19:04:08.085683Z","level":"warning","event":"The `airflow.decorators.task` attribute is deprecated. Please use `'airflow.sdk.task'`.","category":"DeprecatedImportWarning","filename":"/opt/airflow/dags/forcast_bitbot_dag.py","lineno":2,"logger":"py.warnings"}
{"timestamp":"2025-11-26T19:04:38.632177Z","level":"info","event":"Filling up the DagBag from /opt/airflow/dags/forcast_bitbot_dag.py","logger":"airflow.models.dagbag.DagBag","filename":"dagbag.py","lineno":593}
{"timestamp":"2025-11-26T19:04:39.573607Z","level":"warning","event":"The `airflow.decorators.task` attribute is deprecated. Please use `'airflow.sdk.task'`.","category":"DeprecatedImportWarning","filename":"/opt/airflow/dags/forcast_bitbot_dag.py","lineno":2,"logger":"py.warnings"}
{"timestamp":"2025-11-26T19:05:10.200635Z","level":"info","event":"Filling up the DagBag from /opt/airflow/dags/forcast_bitbot_dag.py","logger":"airflow.models.dagbag.DagBag","filename":"dagbag.py","lineno":593}
{"timestamp":"2025-11-26T19:05:11.516110Z","level":"warning","event":"The `airflow.decorators.task` attribute is deprecated. Please use `'airflow.sdk.task'`.","category":"DeprecatedImportWarning","filename":"/opt/airflow/dags/forcast_bitbot_dag.py","lineno":2,"logger":"py.warnings"}
{"timestamp":"2025-11-26T19:05:42.059381Z","level":"info","event":"Filling up the DagBag from /opt/airflow/dags/forcast_bitbot_dag.py","logger":"airflow.models.dagbag.DagBag","filename":"dagbag.py","lineno":593}
{"timestamp":"2025-11-26T19:05:43.015738Z","level":"warning","event":"The `airflow.decorators.task` attribute is deprecated. Please use `'airflow.sdk.task'`.","category":"DeprecatedImportWarning","filename":"/opt/airflow/dags/forcast_bitbot_dag.py","lineno":2,"logger":"py.warnings"}
{"timestamp":"2025-11-26T19:06:13.517847Z","level":"info","event":"Filling up the DagBag from /opt/airflow/dags/forcast_bitbot_dag.py","logger":"airflow.models.dagbag.DagBag","filename":"dagbag.py","lineno":593}
{"timestamp":"2025-11-26T19:06:14.556621Z","level":"warning","event":"The `airflow.decorators.task` attribute is deprecated. Please use `'airflow.sdk.task'`.","category":"DeprecatedImportWarning","filename":"/opt/airflow/dags/forcast_bitbot_dag.py","lineno":2,"logger":"py.warnings"}
{"timestamp":"2025-11-26T19:06:45.132802Z","level":"info","event":"Filling up the DagBag from /opt/airflow/dags/forcast_bitbot_dag.py","logger":"airflow.models.dagbag.DagBag","filename":"dagbag.py","lineno":593}
{"timestamp":"2025-11-26T19:06:46.290034Z","level":"warning","event":"The `airflow.decorators.task` attribute is deprecated. Please use `'airflow.sdk.task'`.","category":"DeprecatedImportWarning","filename":"/opt/airflow/dags/forcast_bitbot_dag.py","lineno":2,"logger":"py.warnings"}
{"timestamp":"2025-11-26T19:07:16.821376Z","level":"info","event":"Filling up the DagBag from /opt/airflow/dags/forcast_bitbot_dag.py","logger":"airflow.models.dagbag.DagBag","filename":"dagbag.py","lineno":593}
{"timestamp":"2025-11-26T19:07:17.876086Z","level":"warning","event":"The `airflow.decorators.task` attribute is deprecated. Please use `'airflow.sdk.task'`.","category":"DeprecatedImportWarning","filename":"/opt/airflow/dags/forcast_bitbot_dag.py","lineno":2,"logger":"py.warnings"}
{"timestamp":"2025-11-26T19:07:48.412063Z","level":"info","event":"Filling up the DagBag from /opt/airflow/dags/forcast_bitbot_dag.py","logger":"airflow.models.dagbag.DagBag","filename":"dagbag.py","lineno":593}
{"timestamp":"2025-11-26T19:07:49.391263Z","level":"warning","event":"The `airflow.decorators.task` attribute is deprecated. Please use `'airflow.sdk.task'`.","category":"DeprecatedImportWarning","filename":"/opt/airflow/dags/forcast_bitbot_dag.py","lineno":2,"logger":"py.warnings"}
{"timestamp":"2025-11-26T19:08:19.901616Z","level":"info","event":"Filling up the DagBag from /opt/airflow/dags/forcast_bitbot_dag.py","logger":"airflow.models.dagbag.DagBag","filename":"dagbag.py","lineno":593}
{"timestamp":"2025-11-26T19:08:20.827766Z","level":"warning","event":"The `airflow.decorators.task` attribute is deprecated. Please use `'airflow.sdk.task'`.","category":"DeprecatedImportWarning","filename":"/opt/airflow/dags/forcast_bitbot_dag.py","lineno":2,"logger":"py.warnings"}
{"timestamp":"2025-11-26T19:08:51.330689Z","level":"info","event":"Filling up the DagBag from /opt/airflow/dags/forcast_bitbot_dag.py","logger":"airflow.models.dagbag.DagBag","filename":"dagbag.py","lineno":593}
{"timestamp":"2025-11-26T19:08:52.352256Z","level":"warning","event":"The `airflow.decorators.task` attribute is deprecated. Please use `'airflow.sdk.task'`.","category":"DeprecatedImportWarning","filename":"/opt/airflow/dags/forcast_bitbot_dag.py","lineno":2,"logger":"py.warnings"}
{"timestamp":"2025-11-26T19:09:22.848906Z","level":"info","event":"Filling up the DagBag from /opt/airflow/dags/forcast_bitbot_dag.py","logger":"airflow.models.dagbag.DagBag","filename":"dagbag.py","lineno":593}
{"timestamp":"2025-11-26T19:09:23.884766Z","level":"warning","event":"The `airflow.decorators.task` attribute is deprecated. Please use `'airflow.sdk.task'`.","category":"DeprecatedImportWarning","filename":"/opt/airflow/dags/forcast_bitbot_dag.py","lineno":2,"logger":"py.warnings"}
{"timestamp":"2025-11-26T19:09:54.405130Z","level":"info","event":"Filling up the DagBag from /opt/airflow/dags/forcast_bitbot_dag.py","logger":"airflow.models.dagbag.DagBag","filename":"dagbag.py","lineno":593}
{"timestamp":"2025-11-26T19:09:55.325318Z","level":"warning","event":"The `airflow.decorators.task` attribute is deprecated. Please use `'airflow.sdk.task'`.","category":"DeprecatedImportWarning","filename":"/opt/airflow/dags/forcast_bitbot_dag.py","lineno":2,"logger":"py.warnings"}
{"timestamp":"2025-11-26T19:10:26.034856Z","level":"info","event":"Filling up the DagBag from /opt/airflow/dags/forcast_bitbot_dag.py","logger":"airflow.models.dagbag.DagBag","filename":"dagbag.py","lineno":593}
{"timestamp":"2025-11-26T19:10:27.256751Z","level":"warning","event":"The `airflow.decorators.task` attribute is deprecated. Please use `'airflow.sdk.task'`.","category":"DeprecatedImportWarning","filename":"/opt/airflow/dags/forcast_bitbot_dag.py","lineno":2,"logger":"py.warnings"}
{"timestamp":"2025-11-26T19:10:57.795627Z","level":"info","event":"Filling up the DagBag from /opt/airflow/dags/forcast_bitbot_dag.py","logger":"airflow.models.dagbag.DagBag","filename":"dagbag.py","lineno":593}
{"timestamp":"2025-11-26T19:10:58.784813Z","level":"warning","event":"The `airflow.decorators.task` attribute is deprecated. Please use `'airflow.sdk.task'`.","category":"DeprecatedImportWarning","filename":"/opt/airflow/dags/forcast_bitbot_dag.py","lineno":2,"logger":"py.warnings"}
{"timestamp":"2025-11-26T19:11:29.355989Z","level":"info","event":"Filling up the DagBag from /opt/airflow/dags/forcast_bitbot_dag.py","logger":"airflow.models.dagbag.DagBag","filename":"dagbag.py","lineno":593}
{"timestamp":"2025-11-26T19:11:30.330293Z","level":"warning","event":"The `airflow.decorators.task` attribute is deprecated. Please use `'airflow.sdk.task'`.","category":"DeprecatedImportWarning","filename":"/opt/airflow/dags/forcast_bitbot_dag.py","lineno":2,"logger":"py.warnings"}
{"timestamp":"2025-11-26T19:12:00.893491Z","level":"info","event":"Filling up the DagBag from /opt/airflow/dags/forcast_bitbot_dag.py","logger":"airflow.models.dagbag.DagBag","filename":"dagbag.py","lineno":593}
{"timestamp":"2025-11-26T19:12:01.995507Z","level":"warning","event":"The `airflow.decorators.task` attribute is deprecated. Please use `'airflow.sdk.task'`.","category":"DeprecatedImportWarning","filename":"/opt/airflow/dags/forcast_bitbot_dag.py","lineno":2,"logger":"py.warnings"}
{"timestamp":"2025-11-26T19:12:32.689116Z","level":"info","event":"Filling up the DagBag from /opt/airflow/dags/forcast_bitbot_dag.py","logger":"airflow.models.dagbag.DagBag","filename":"dagbag.py","lineno":593}
{"timestamp":"2025-11-26T19:12:33.585861Z","level":"warning","event":"The `airflow.decorators.task` attribute is deprecated. Please use `'airflow.sdk.task'`.","category":"DeprecatedImportWarning","filename":"/opt/airflow/dags/forcast_bitbot_dag.py","lineno":2,"logger":"py.warnings"}
{"timestamp":"2025-11-26T19:13:04.220323Z","level":"info","event":"Filling up the DagBag from /opt/airflow/dags/forcast_bitbot_dag.py","logger":"airflow.models.dagbag.DagBag","filename":"dagbag.py","lineno":593}
{"timestamp":"2025-11-26T19:13:05.446652Z","level":"warning","event":"The `airflow.decorators.task` attribute is deprecated. Please use `'airflow.sdk.task'`.","category":"DeprecatedImportWarning","filename":"/opt/airflow/dags/forcast_bitbot_dag.py","lineno":2,"logger":"py.warnings"}
{"timestamp":"2025-11-26T19:13:37.289190Z","level":"info","event":"Filling up the DagBag from /opt/airflow/dags/forcast_bitbot_dag.py","logger":"airflow.models.dagbag.DagBag","filename":"dagbag.py","lineno":593}
{"timestamp":"2025-11-26T19:13:38.310085Z","level":"warning","event":"The `airflow.decorators.task` attribute is deprecated. Please use `'airflow.sdk.task'`.","category":"DeprecatedImportWarning","filename":"/opt/airflow/dags/forcast_bitbot_dag.py","lineno":2,"logger":"py.warnings"}
{"timestamp":"2025-11-26T19:14:08.973552Z","level":"info","event":"Filling up the DagBag from /opt/airflow/dags/forcast_bitbot_dag.py","logger":"airflow.models.dagbag.DagBag","filename":"dagbag.py","lineno":593}
{"timestamp":"2025-11-26T19:14:10.038751Z","level":"warning","event":"The `airflow.decorators.task` attribute is deprecated. Please use `'airflow.sdk.task'`.","category":"DeprecatedImportWarning","filename":"/opt/airflow/dags/forcast_bitbot_dag.py","lineno":2,"logger":"py.warnings"}
{"timestamp":"2025-11-26T19:14:40.592421Z","level":"info","event":"Filling up the DagBag from /opt/airflow/dags/forcast_bitbot_dag.py","logger":"airflow.models.dagbag.DagBag","filename":"dagbag.py","lineno":593}
{"timestamp":"2025-11-26T19:14:41.484181Z","level":"warning","event":"The `airflow.decorators.task` attribute is deprecated. Please use `'airflow.sdk.task'`.","category":"DeprecatedImportWarning","filename":"/opt/airflow/dags/forcast_bitbot_dag.py","lineno":2,"logger":"py.warnings"}
{"timestamp":"2025-11-26T19:15:12.087032Z","level":"info","event":"Filling up the DagBag from /opt/airflow/dags/forcast_bitbot_dag.py","logger":"airflow.models.dagbag.DagBag","filename":"dagbag.py","lineno":593}
{"timestamp":"2025-11-26T19:15:12.911640Z","level":"warning","event":"The `airflow.decorators.task` attribute is deprecated. Please use `'airflow.sdk.task'`.","category":"DeprecatedImportWarning","filename":"/opt/airflow/dags/forcast_bitbot_dag.py","lineno":2,"logger":"py.warnings"}
{"timestamp":"2025-11-26T19:15:43.443380Z","level":"info","event":"Filling up the DagBag from /opt/airflow/dags/forcast_bitbot_dag.py","logger":"airflow.models.dagbag.DagBag","filename":"dagbag.py","lineno":593}
{"timestamp":"2025-11-26T19:15:44.259067Z","level":"warning","event":"The `airflow.decorators.task` attribute is deprecated. Please use `'airflow.sdk.task'`.","category":"DeprecatedImportWarning","filename":"/opt/airflow/dags/forcast_bitbot_dag.py","lineno":2,"logger":"py.warnings"}
{"timestamp":"2025-11-26T19:16:14.799163Z","level":"info","event":"Filling up the DagBag from /opt/airflow/dags/forcast_bitbot_dag.py","logger":"airflow.models.dagbag.DagBag","filename":"dagbag.py","lineno":593}
{"timestamp":"2025-11-26T19:16:15.699169Z","level":"warning","event":"The `airflow.decorators.task` attribute is deprecated. Please use `'airflow.sdk.task'`.","category":"DeprecatedImportWarning","filename":"/opt/airflow/dags/forcast_bitbot_dag.py","lineno":2,"logger":"py.warnings"}
{"timestamp":"2025-11-26T19:16:46.227800Z","level":"info","event":"Filling up the DagBag from /opt/airflow/dags/forcast_bitbot_dag.py","logger":"airflow.models.dagbag.DagBag","filename":"dagbag.py","lineno":593}
{"timestamp":"2025-11-26T19:16:47.302703Z","level":"warning","event":"The `airflow.decorators.task` attribute is deprecated. Please use `'airflow.sdk.task'`.","category":"DeprecatedImportWarning","filename":"/opt/airflow/dags/forcast_bitbot_dag.py","lineno":2,"logger":"py.warnings"}
{"timestamp":"2025-11-26T19:17:17.892360Z","level":"info","event":"Filling up the DagBag from /opt/airflow/dags/forcast_bitbot_dag.py","logger":"airflow.models.dagbag.DagBag","filename":"dagbag.py","lineno":593}
{"timestamp":"2025-11-26T19:17:19.069534Z","level":"warning","event":"The `airflow.decorators.task` attribute is deprecated. Please use `'airflow.sdk.task'`.","category":"DeprecatedImportWarning","filename":"/opt/airflow/dags/forcast_bitbot_dag.py","lineno":2,"logger":"py.warnings"}
{"timestamp":"2025-11-26T19:17:49.651950Z","level":"info","event":"Filling up the DagBag from /opt/airflow/dags/forcast_bitbot_dag.py","logger":"airflow.models.dagbag.DagBag","filename":"dagbag.py","lineno":593}
{"timestamp":"2025-11-26T19:17:50.602114Z","level":"warning","event":"The `airflow.decorators.task` attribute is deprecated. Please use `'airflow.sdk.task'`.","category":"DeprecatedImportWarning","filename":"/opt/airflow/dags/forcast_bitbot_dag.py","lineno":2,"logger":"py.warnings"}
{"timestamp":"2025-11-26T19:19:28.685540Z","level":"info","event":"Filling up the DagBag from /opt/airflow/dags/forcast_bitbot_dag.py","logger":"airflow.models.dagbag.DagBag","filename":"dagbag.py","lineno":593}
{"timestamp":"2025-11-26T19:19:32.526501Z","level":"warning","event":"The `airflow.decorators.task` attribute is deprecated. Please use `'airflow.sdk.task'`.","category":"DeprecatedImportWarning","filename":"/opt/airflow/dags/forcast_bitbot_dag.py","lineno":2,"logger":"py.warnings"}
{"timestamp":"2025-11-26T19:20:03.093262Z","level":"info","event":"Filling up the DagBag from /opt/airflow/dags/forcast_bitbot_dag.py","logger":"airflow.models.dagbag.DagBag","filename":"dagbag.py","lineno":593}
{"timestamp":"2025-11-26T19:20:04.691243Z","level":"warning","event":"The `airflow.decorators.task` attribute is deprecated. Please use `'airflow.sdk.task'`.","category":"DeprecatedImportWarning","filename":"/opt/airflow/dags/forcast_bitbot_dag.py","lineno":2,"logger":"py.warnings"}
{"timestamp":"2025-11-26T19:20:35.348184Z","level":"info","event":"Filling up the DagBag from /opt/airflow/dags/forcast_bitbot_dag.py","logger":"airflow.models.dagbag.DagBag","filename":"dagbag.py","lineno":593}
{"timestamp":"2025-11-26T19:20:36.380439Z","level":"warning","event":"The `airflow.decorators.task` attribute is deprecated. Please use `'airflow.sdk.task'`.","category":"DeprecatedImportWarning","filename":"/opt/airflow/dags/forcast_bitbot_dag.py","lineno":2,"logger":"py.warnings"}
{"timestamp":"2025-11-26T19:21:06.988068Z","level":"info","event":"Filling up the DagBag from /opt/airflow/dags/forcast_bitbot_dag.py","logger":"airflow.models.dagbag.DagBag","filename":"dagbag.py","lineno":593}
{"timestamp":"2025-11-26T19:21:08.017332Z","level":"warning","event":"The `airflow.decorators.task` attribute is deprecated. Please use `'airflow.sdk.task'`.","category":"DeprecatedImportWarning","filename":"/opt/airflow/dags/forcast_bitbot_dag.py","lineno":2,"logger":"py.warnings"}
{"timestamp":"2025-11-26T19:21:38.570677Z","level":"info","event":"Filling up the DagBag from /opt/airflow/dags/forcast_bitbot_dag.py","logger":"airflow.models.dagbag.DagBag","filename":"dagbag.py","lineno":593}
{"timestamp":"2025-11-26T19:21:39.487356Z","level":"warning","event":"The `airflow.decorators.task` attribute is deprecated. Please use `'airflow.sdk.task'`.","category":"DeprecatedImportWarning","filename":"/opt/airflow/dags/forcast_bitbot_dag.py","lineno":2,"logger":"py.warnings"}
{"timestamp":"2025-11-26T19:22:10.026414Z","level":"info","event":"Filling up the DagBag from /opt/airflow/dags/forcast_bitbot_dag.py","logger":"airflow.models.dagbag.DagBag","filename":"dagbag.py","lineno":593}
{"timestamp":"2025-11-26T19:22:11.004176Z","level":"warning","event":"The `airflow.decorators.task` attribute is deprecated. Please use `'airflow.sdk.task'`.","category":"DeprecatedImportWarning","filename":"/opt/airflow/dags/forcast_bitbot_dag.py","lineno":2,"logger":"py.warnings"}
{"timestamp":"2025-11-26T19:22:42.615086Z","level":"info","event":"Filling up the DagBag from /opt/airflow/dags/forcast_bitbot_dag.py","logger":"airflow.models.dagbag.DagBag","filename":"dagbag.py","lineno":593}
{"timestamp":"2025-11-26T19:22:43.499589Z","level":"warning","event":"The `airflow.decorators.task` attribute is deprecated. Please use `'airflow.sdk.task'`.","category":"DeprecatedImportWarning","filename":"/opt/airflow/dags/forcast_bitbot_dag.py","lineno":2,"logger":"py.warnings"}
{"timestamp":"2025-11-26T19:23:14.072869Z","level":"info","event":"Filling up the DagBag from /opt/airflow/dags/forcast_bitbot_dag.py","logger":"airflow.models.dagbag.DagBag","filename":"dagbag.py","lineno":593}
{"timestamp":"2025-11-26T19:23:14.981634Z","level":"warning","event":"The `airflow.decorators.task` attribute is deprecated. Please use `'airflow.sdk.task'`.","category":"DeprecatedImportWarning","filename":"/opt/airflow/dags/forcast_bitbot_dag.py","lineno":2,"logger":"py.warnings"}
{"timestamp":"2025-11-26T19:23:45.678458Z","level":"info","event":"Filling up the DagBag from /opt/airflow/dags/forcast_bitbot_dag.py","logger":"airflow.models.dagbag.DagBag","filename":"dagbag.py","lineno":593}
{"timestamp":"2025-11-26T19:23:46.598632Z","level":"warning","event":"The `airflow.decorators.task` attribute is deprecated. Please use `'airflow.sdk.task'`.","category":"DeprecatedImportWarning","filename":"/opt/airflow/dags/forcast_bitbot_dag.py","lineno":2,"logger":"py.warnings"}
{"timestamp":"2025-11-26T19:24:18.180308Z","level":"info","event":"Filling up the DagBag from /opt/airflow/dags/forcast_bitbot_dag.py","logger":"airflow.models.dagbag.DagBag","filename":"dagbag.py","lineno":593}
{"timestamp":"2025-11-26T19:24:19.103722Z","level":"warning","event":"The `airflow.decorators.task` attribute is deprecated. Please use `'airflow.sdk.task'`.","category":"DeprecatedImportWarning","filename":"/opt/airflow/dags/forcast_bitbot_dag.py","lineno":2,"logger":"py.warnings"}
{"timestamp":"2025-11-26T19:24:49.686837Z","level":"info","event":"Filling up the DagBag from /opt/airflow/dags/forcast_bitbot_dag.py","logger":"airflow.models.dagbag.DagBag","filename":"dagbag.py","lineno":593}
{"timestamp":"2025-11-26T19:24:50.640804Z","level":"warning","event":"The `airflow.decorators.task` attribute is deprecated. Please use `'airflow.sdk.task'`.","category":"DeprecatedImportWarning","filename":"/opt/airflow/dags/forcast_bitbot_dag.py","lineno":2,"logger":"py.warnings"}
{"timestamp":"2025-11-26T19:25:21.383041Z","level":"info","event":"Filling up the DagBag from /opt/airflow/dags/forcast_bitbot_dag.py","logger":"airflow.models.dagbag.DagBag","filename":"dagbag.py","lineno":593}
{"timestamp":"2025-11-26T19:25:22.324218Z","level":"warning","event":"The `airflow.decorators.task` attribute is deprecated. Please use `'airflow.sdk.task'`.","category":"DeprecatedImportWarning","filename":"/opt/airflow/dags/forcast_bitbot_dag.py","lineno":2,"logger":"py.warnings"}
{"timestamp":"2025-11-26T19:25:52.872134Z","level":"info","event":"Filling up the DagBag from /opt/airflow/dags/forcast_bitbot_dag.py","logger":"airflow.models.dagbag.DagBag","filename":"dagbag.py","lineno":593}
{"timestamp":"2025-11-26T19:25:53.794906Z","level":"warning","event":"The `airflow.decorators.task` attribute is deprecated. Please use `'airflow.sdk.task'`.","category":"DeprecatedImportWarning","filename":"/opt/airflow/dags/forcast_bitbot_dag.py","lineno":2,"logger":"py.warnings"}
{"timestamp":"2025-11-26T19:26:24.366947Z","level":"info","event":"Filling up the DagBag from /opt/airflow/dags/forcast_bitbot_dag.py","logger":"airflow.models.dagbag.DagBag","filename":"dagbag.py","lineno":593}
{"timestamp":"2025-11-26T19:26:25.266618Z","level":"warning","event":"The `airflow.decorators.task` attribute is deprecated. Please use `'airflow.sdk.task'`.","category":"DeprecatedImportWarning","filename":"/opt/airflow/dags/forcast_bitbot_dag.py","lineno":2,"logger":"py.warnings"}
{"timestamp":"2025-11-26T19:26:55.823311Z","level":"info","event":"Filling up the DagBag from /opt/airflow/dags/forcast_bitbot_dag.py","logger":"airflow.models.dagbag.DagBag","filename":"dagbag.py","lineno":593}
{"timestamp":"2025-11-26T19:26:56.723510Z","level":"warning","event":"The `airflow.decorators.task` attribute is deprecated. Please use `'airflow.sdk.task'`.","category":"DeprecatedImportWarning","filename":"/opt/airflow/dags/forcast_bitbot_dag.py","lineno":2,"logger":"py.warnings"}
{"timestamp":"2025-11-26T19:27:27.554073Z","level":"info","event":"Filling up the DagBag from /opt/airflow/dags/forcast_bitbot_dag.py","logger":"airflow.models.dagbag.DagBag","filename":"dagbag.py","lineno":593}
{"timestamp":"2025-11-26T19:27:28.554866Z","level":"warning","event":"The `airflow.decorators.task` attribute is deprecated. Please use `'airflow.sdk.task'`.","category":"DeprecatedImportWarning","filename":"/opt/airflow/dags/forcast_bitbot_dag.py","lineno":2,"logger":"py.warnings"}
{"timestamp":"2025-11-26T19:27:59.191160Z","level":"info","event":"Filling up the DagBag from /opt/airflow/dags/forcast_bitbot_dag.py","logger":"airflow.models.dagbag.DagBag","filename":"dagbag.py","lineno":593}
{"timestamp":"2025-11-26T19:28:00.204408Z","level":"warning","event":"The `airflow.decorators.task` attribute is deprecated. Please use `'airflow.sdk.task'`.","category":"DeprecatedImportWarning","filename":"/opt/airflow/dags/forcast_bitbot_dag.py","lineno":2,"logger":"py.warnings"}
{"timestamp":"2025-11-26T19:28:30.782003Z","level":"info","event":"Filling up the DagBag from /opt/airflow/dags/forcast_bitbot_dag.py","logger":"airflow.models.dagbag.DagBag","filename":"dagbag.py","lineno":593}
{"timestamp":"2025-11-26T19:28:31.819251Z","level":"warning","event":"The `airflow.decorators.task` attribute is deprecated. Please use `'airflow.sdk.task'`.","category":"DeprecatedImportWarning","filename":"/opt/airflow/dags/forcast_bitbot_dag.py","lineno":2,"logger":"py.warnings"}
{"timestamp":"2025-11-26T19:29:02.441669Z","level":"info","event":"Filling up the DagBag from /opt/airflow/dags/forcast_bitbot_dag.py","logger":"airflow.models.dagbag.DagBag","filename":"dagbag.py","lineno":593}
{"timestamp":"2025-11-26T19:29:03.363053Z","level":"warning","event":"The `airflow.decorators.task` attribute is deprecated. Please use `'airflow.sdk.task'`.","category":"DeprecatedImportWarning","filename":"/opt/airflow/dags/forcast_bitbot_dag.py","lineno":2,"logger":"py.warnings"}
{"timestamp":"2025-11-26T19:29:33.948089Z","level":"info","event":"Filling up the DagBag from /opt/airflow/dags/forcast_bitbot_dag.py","logger":"airflow.models.dagbag.DagBag","filename":"dagbag.py","lineno":593}
{"timestamp":"2025-11-26T19:29:34.931862Z","level":"warning","event":"The `airflow.decorators.task` attribute is deprecated. Please use `'airflow.sdk.task'`.","category":"DeprecatedImportWarning","filename":"/opt/airflow/dags/forcast_bitbot_dag.py","lineno":2,"logger":"py.warnings"}
{"timestamp":"2025-11-26T19:30:05.572006Z","level":"info","event":"Filling up the DagBag from /opt/airflow/dags/forcast_bitbot_dag.py","logger":"airflow.models.dagbag.DagBag","filename":"dagbag.py","lineno":593}
{"timestamp":"2025-11-26T19:30:06.813613Z","level":"warning","event":"The `airflow.decorators.task` attribute is deprecated. Please use `'airflow.sdk.task'`.","category":"DeprecatedImportWarning","filename":"/opt/airflow/dags/forcast_bitbot_dag.py","lineno":2,"logger":"py.warnings"}
{"timestamp":"2025-11-26T19:30:37.551723Z","level":"info","event":"Filling up the DagBag from /opt/airflow/dags/forcast_bitbot_dag.py","logger":"airflow.models.dagbag.DagBag","filename":"dagbag.py","lineno":593}
{"timestamp":"2025-11-26T19:30:38.489648Z","level":"warning","event":"The `airflow.decorators.task` attribute is deprecated. Please use `'airflow.sdk.task'`.","category":"DeprecatedImportWarning","filename":"/opt/airflow/dags/forcast_bitbot_dag.py","lineno":2,"logger":"py.warnings"}
