{"timestamp":"2025-11-17T17:07:08.461628Z","level":"info","event":"DAG bundles loaded: dags-folder, example_dags","logger":"airflow.dag_processing.bundles.manager.DagBundlesManager","filename":"manager.py","lineno":179}
{"timestamp":"2025-11-17T17:07:08.462266Z","level":"info","event":"Filling up the DagBag from /opt/airflow/dags/bitbot_dag.py","logger":"airflow.models.dagbag.DagBag","filename":"dagbag.py","lineno":593}
{"timestamp":"2025-11-17T17:07:08.492117Z","level":"warning","event":"The `airflow.decorators.task` attribute is deprecated. Please use `'airflow.sdk.task'`.","category":"DeprecatedImportWarning","filename":"/opt/airflow/dags/bitbot_dag.py","lineno":2,"logger":"py.warnings"}
{"timestamp":"2025-11-17T17:07:08.508985Z","level":"info","event":"Task instance is in running state","logger":"task.stdout"}
{"timestamp":"2025-11-17T17:07:08.511441Z","level":"info","event":" Previous state of the Task instance: TaskInstanceState.QUEUED","logger":"task.stdout"}
{"timestamp":"2025-11-17T17:07:08.511725Z","level":"info","event":"Current task name:create_table","logger":"task.stdout"}
{"timestamp":"2025-11-17T17:07:08.512246Z","level":"info","event":"Dag name:BitBot_dag","logger":"task.stdout"}
{"timestamp":"2025-11-17T17:07:08.512437Z","level":"info","event":">>> Connecting to Postgres via postgres_default...","logger":"task.stdout"}
{"timestamp":"2025-11-17T17:07:08.601070Z","level":"warning","event":"empty cryptography key - values will not be stored encrypted.","logger":"airflow.models.crypto","filename":"crypto.py","lineno":82}
{"timestamp":"2025-11-17T17:07:08.602262Z","level":"warning","event":"This setter is for backward compatibility and should not be used.\nSince the introduction of connection property, the providers listed below breaks due to assigning value to self.connection in their __init__ method.\n* apache-airflow-providers-mysql<5.7.1\n* apache-airflow-providers-elasticsearch<5.5.1\n* apache-airflow-providers-postgres<5.13.0","logger":"airflow.task.hooks.airflow.providers.postgres.hooks.postgres.PostgresHook","filename":"sql.py","lineno":249}
{"timestamp":"2025-11-17T17:07:08.602476Z","level":"info","event":">>> Running SQL:","logger":"task.stdout"}
{"timestamp":"2025-11-17T17:07:08.602542Z","level":"info","event":"","logger":"task.stdout"}
{"timestamp":"2025-11-17T17:07:08.602597Z","level":"info","event":"        CREATE TABLE IF NOT EXISTS bitcoin_data (","logger":"task.stdout"}
{"timestamp":"2025-11-17T17:07:08.602657Z","level":"info","event":"            id SERIAL PRIMARY KEY,","logger":"task.stdout"}
{"timestamp":"2025-11-17T17:07:08.602723Z","level":"info","event":"            time TIMESTAMP WITH TIME ZONE NOT NULL DEFAULT NOW(),","logger":"task.stdout"}
{"timestamp":"2025-11-17T17:07:08.602777Z","level":"info","event":"            value INTEGER NOT NULL","logger":"task.stdout"}
{"timestamp":"2025-11-17T17:07:08.602826Z","level":"info","event":"        );","logger":"task.stdout"}
{"timestamp":"2025-11-17T17:07:08.602891Z","level":"info","event":"","logger":"task.stdout"}
{"timestamp":"2025-11-17T17:07:08.609255Z","level":"info","event":"Running statement: \n        CREATE TABLE IF NOT EXISTS bitcoin_data (\n            id SERIAL PRIMARY KEY,\n            time TIMESTAMP WITH TIME ZONE NOT NULL DEFAULT NOW(),\n            value INTEGER NOT NULL\n        );\n        , parameters: None","logger":"airflow.task.hooks.airflow.providers.postgres.hooks.postgres.PostgresHook","filename":"sql.py","lineno":810}
{"timestamp":"2025-11-17T17:07:08.616634Z","level":"info","event":">>> Table created.","logger":"task.stdout"}
{"timestamp":"2025-11-17T17:07:08.616890Z","level":"info","event":"Done. Returned value was: None","logger":"airflow.task.operators.airflow.providers.standard.decorators.python._PythonDecoratedOperator","filename":"python.py","lineno":215}
{"timestamp":"2025-11-17T17:07:08.628902Z","level":"info","event":"Task instance in success state","logger":"task.stdout"}
{"timestamp":"2025-11-17T17:07:08.630970Z","level":"info","event":" Previous state of the Task instance: TaskInstanceState.RUNNING","logger":"task.stdout"}
{"timestamp":"2025-11-17T17:07:08.631984Z","level":"info","event":"Task operator:<Task(_PythonDecoratedOperator): create_table>","logger":"task.stdout"}
