{"timestamp":"2025-11-17T17:07:10.541918Z","level":"info","event":"DAG bundles loaded: dags-folder, example_dags","logger":"airflow.dag_processing.bundles.manager.DagBundlesManager","filename":"manager.py","lineno":179}
{"timestamp":"2025-11-17T17:07:10.542340Z","level":"info","event":"Filling up the DagBag from /opt/airflow/dags/bitbot_dag.py","logger":"airflow.models.dagbag.DagBag","filename":"dagbag.py","lineno":593}
{"timestamp":"2025-11-17T17:07:10.564955Z","level":"warning","event":"The `airflow.decorators.task` attribute is deprecated. Please use `'airflow.sdk.task'`.","category":"DeprecatedImportWarning","filename":"/opt/airflow/dags/bitbot_dag.py","lineno":2,"logger":"py.warnings"}
{"timestamp":"2025-11-17T17:07:10.578103Z","level":"info","event":"Task instance is in running state","logger":"task.stdout"}
{"timestamp":"2025-11-17T17:07:10.578556Z","level":"info","event":" Previous state of the Task instance: TaskInstanceState.QUEUED","logger":"task.stdout"}
{"timestamp":"2025-11-17T17:07:10.578812Z","level":"info","event":"Current task name:print_data","logger":"task.stdout"}
{"timestamp":"2025-11-17T17:07:10.578928Z","level":"info","event":"Dag name:BitBot_dag","logger":"task.stdout"}
{"timestamp":"2025-11-17T17:07:10.645211Z","level":"warning","event":"empty cryptography key - values will not be stored encrypted.","logger":"airflow.models.crypto","filename":"crypto.py","lineno":82}
{"timestamp":"2025-11-17T17:07:10.646264Z","level":"warning","event":"This setter is for backward compatibility and should not be used.\nSince the introduction of connection property, the providers listed below breaks due to assigning value to self.connection in their __init__ method.\n* apache-airflow-providers-mysql<5.7.1\n* apache-airflow-providers-elasticsearch<5.5.1\n* apache-airflow-providers-postgres<5.13.0","logger":"airflow.task.hooks.airflow.providers.postgres.hooks.postgres.PostgresHook","filename":"sql.py","lineno":249}
{"timestamp":"2025-11-17T17:07:10.650030Z","level":"info","event":"Running statement: SELECT * FROM example_data;, parameters: None","logger":"airflow.task.hooks.airflow.providers.postgres.hooks.postgres.PostgresHook","filename":"sql.py","lineno":810}
{"timestamp":"2025-11-17T17:07:10.651046Z","level":"info","event":"Rows affected: 6","logger":"airflow.task.hooks.airflow.providers.postgres.hooks.postgres.PostgresHook","filename":"sql.py","lineno":822}
{"timestamp":"2025-11-17T17:07:10.651236Z","level":"info","event":"### CONTENT OF TABLE example_data ###","logger":"task.stdout"}
{"timestamp":"2025-11-17T17:07:10.651332Z","level":"info","event":"(1, 'Alice', 10)","logger":"task.stdout"}
{"timestamp":"2025-11-17T17:07:10.651407Z","level":"info","event":"(2, 'Bob', 20)","logger":"task.stdout"}
{"timestamp":"2025-11-17T17:07:10.651488Z","level":"info","event":"(3, 'Charlie', 30)","logger":"task.stdout"}
{"timestamp":"2025-11-17T17:07:10.651574Z","level":"info","event":"(4, 'Alice', 10)","logger":"task.stdout"}
{"timestamp":"2025-11-17T17:07:10.651652Z","level":"info","event":"(5, 'Bob', 20)","logger":"task.stdout"}
{"timestamp":"2025-11-17T17:07:10.651725Z","level":"info","event":"(6, 'Charlie', 30)","logger":"task.stdout"}
{"timestamp":"2025-11-17T17:07:10.651257Z","level":"info","event":"Done. Returned value was: None","logger":"airflow.task.operators.airflow.providers.standard.decorators.python._PythonDecoratedOperator","filename":"python.py","lineno":215}
{"timestamp":"2025-11-17T17:07:10.662081Z","level":"info","event":"Task instance in success state","logger":"task.stdout"}
{"timestamp":"2025-11-17T17:07:10.662512Z","level":"info","event":" Previous state of the Task instance: TaskInstanceState.RUNNING","logger":"task.stdout"}
{"timestamp":"2025-11-17T17:07:10.662663Z","level":"info","event":"Task operator:<Task(_PythonDecoratedOperator): print_data>","logger":"task.stdout"}
