{"timestamp":"2025-11-17T21:27:34.837401Z","level":"info","event":"DAG bundles loaded: dags-folder, example_dags","logger":"airflow.dag_processing.bundles.manager.DagBundlesManager","filename":"manager.py","lineno":179}
{"timestamp":"2025-11-17T21:27:34.837679Z","level":"info","event":"Filling up the DagBag from /opt/airflow/dags/forcast_bitbot_dag.py","logger":"airflow.models.dagbag.DagBag","filename":"dagbag.py","lineno":593}
{"timestamp":"2025-11-17T21:27:35.254670Z","level":"warning","event":"The `airflow.decorators.task` attribute is deprecated. Please use `'airflow.sdk.task'`.","category":"DeprecatedImportWarning","filename":"/opt/airflow/dags/forcast_bitbot_dag.py","lineno":2,"logger":"py.warnings"}
{"timestamp":"2025-11-17T21:27:35.263980Z","level":"info","event":"Task instance is in running state","logger":"task.stdout"}
{"timestamp":"2025-11-17T21:27:35.264181Z","level":"info","event":" Previous state of the Task instance: TaskInstanceState.QUEUED","logger":"task.stdout"}
{"timestamp":"2025-11-17T21:27:35.266906Z","level":"info","event":"Current task name:update_previous_forecast","logger":"task.stdout"}
{"timestamp":"2025-11-17T21:27:35.266988Z","level":"info","event":"Dag name:bitcoin_hourly_forecast","logger":"task.stdout"}
{"timestamp":"2025-11-17T21:27:35.307186Z","level":"warning","event":"empty cryptography key - values will not be stored encrypted.","logger":"airflow.models.crypto","filename":"crypto.py","lineno":82}
{"timestamp":"2025-11-17T21:27:35.307606Z","level":"warning","event":"This setter is for backward compatibility and should not be used.\nSince the introduction of connection property, the providers listed below breaks due to assigning value to self.connection in their __init__ method.\n* apache-airflow-providers-mysql<5.7.1\n* apache-airflow-providers-elasticsearch<5.5.1\n* apache-airflow-providers-postgres<5.13.0","logger":"airflow.task.hooks.airflow.providers.postgres.hooks.postgres.PostgresHook","filename":"sql.py","lineno":249}
{"timestamp":"2025-11-17T21:27:35.310723Z","level":"info","event":"Running statement: SELECT value FROM bitcoin_data ORDER BY time DESC LIMIT 1;, parameters: None","logger":"airflow.task.hooks.airflow.providers.postgres.hooks.postgres.PostgresHook","filename":"sql.py","lineno":810}
{"timestamp":"2025-11-17T21:27:35.311574Z","level":"info","event":"Rows affected: 1","logger":"airflow.task.hooks.airflow.providers.postgres.hooks.postgres.PostgresHook","filename":"sql.py","lineno":822}
{"timestamp":"2025-11-17T21:27:35.314249Z","level":"info","event":"Running statement: \n            UPDATE bitcoin_forecast\n            SET actual_value = 91649\n            WHERE actual_value IS NULL\n            ORDER BY time ASC\n            LIMIT 1;\n            , parameters: None","logger":"airflow.task.hooks.airflow.providers.postgres.hooks.postgres.PostgresHook","filename":"sql.py","lineno":810}
{"timestamp":"2025-11-17T21:27:35.636769Z","level":"info","event":"Telegram message sent.","logger":"root","filename":"forcast_bitbot_dag.py","lineno":42}
{"timestamp":"2025-11-17T21:27:35.637088Z","level":"error","event":"Task failed with exception","logger":"task","filename":"task_runner.py","lineno":999,"error_detail":[{"exc_type":"SyntaxError","exc_value":"syntax error at or near \"ORDER\"\nLINE 5:             ORDER BY time ASC\n                    ^\n","exc_notes":[],"syntax_error":null,"is_cause":false,"frames":[{"filename":"/home/airflow/.local/lib/python3.12/site-packages/airflow/sdk/execution_time/task_runner.py","lineno":925,"name":"run"},{"filename":"/home/airflow/.local/lib/python3.12/site-packages/airflow/sdk/execution_time/task_runner.py","lineno":1312,"name":"_execute_task"},{"filename":"/home/airflow/.local/lib/python3.12/site-packages/airflow/sdk/bases/operator.py","lineno":416,"name":"wrapper"},{"filename":"/home/airflow/.local/lib/python3.12/site-packages/airflow/sdk/bases/decorator.py","lineno":252,"name":"execute"},{"filename":"/home/airflow/.local/lib/python3.12/site-packages/airflow/sdk/bases/operator.py","lineno":416,"name":"wrapper"},{"filename":"/home/airflow/.local/lib/python3.12/site-packages/airflow/providers/standard/operators/python.py","lineno":213,"name":"execute"},{"filename":"/home/airflow/.local/lib/python3.12/site-packages/airflow/providers/standard/operators/python.py","lineno":236,"name":"execute_callable"},{"filename":"/home/airflow/.local/lib/python3.12/site-packages/airflow/sdk/execution_time/callback_runner.py","lineno":82,"name":"run"},{"filename":"/opt/airflow/dags/forcast_bitbot_dag.py","lineno":178,"name":"update_previous_forecast"},{"filename":"/home/airflow/.local/lib/python3.12/site-packages/airflow/providers/common/sql/hooks/sql.py","lineno":767,"name":"run"},{"filename":"/home/airflow/.local/lib/python3.12/site-packages/airflow/providers/common/sql/hooks/sql.py","lineno":818,"name":"_run_command"}],"is_group":false,"exceptions":[]}]}
{"timestamp":"2025-11-17T21:27:35.639508Z","level":"info","event":"Task instance in failure state","logger":"task.stdout"}
{"timestamp":"2025-11-17T21:27:35.639883Z","level":"info","event":"Task start","logger":"task.stdout"}
{"timestamp":"2025-11-17T21:27:35.640031Z","level":"info","event":"Task:<Task(_PythonDecoratedOperator): update_previous_forecast>","logger":"task.stdout"}
{"timestamp":"2025-11-17T21:27:35.640410Z","level":"info","event":"Failure caused by syntax error at or near \"ORDER\"","logger":"task.stdout"}
{"timestamp":"2025-11-17T21:27:35.640498Z","level":"info","event":"LINE 5:             ORDER BY time ASC","logger":"task.stdout"}
{"timestamp":"2025-11-17T21:27:35.640869Z","level":"info","event":"                    ^","logger":"task.stdout"}
{"timestamp":"2025-11-17T21:27:35.641003Z","level":"info","event":"","logger":"task.stdout"}
