{"timestamp":"2025-11-16T11:20:23.643366Z","level":"info","event":"DAG bundles loaded: dags-folder, example_dags","logger":"airflow.dag_processing.bundles.manager.DagBundlesManager","filename":"manager.py","lineno":179}
{"timestamp":"2025-11-16T11:20:23.643614Z","level":"info","event":"Filling up the DagBag from /opt/airflow/dags/book_dag.py","logger":"airflow.models.dagbag.DagBag","filename":"dagbag.py","lineno":593}
{"timestamp":"2025-11-16T11:20:23.657952Z","level":"warning","event":"The `airflow.decorators.task` attribute is deprecated. Please use `'airflow.sdk.task'`.","category":"DeprecatedImportWarning","filename":"/opt/airflow/dags/book_dag.py","lineno":2,"logger":"py.warnings"}
{"timestamp":"2025-11-16T11:20:23.664871Z","level":"info","event":"Task instance is in running state","logger":"task.stdout"}
{"timestamp":"2025-11-16T11:20:23.664962Z","level":"info","event":" Previous state of the Task instance: TaskInstanceState.QUEUED","logger":"task.stdout"}
{"timestamp":"2025-11-16T11:20:23.665060Z","level":"info","event":"Current task name:print_data","logger":"task.stdout"}
{"timestamp":"2025-11-16T11:20:23.665138Z","level":"info","event":"Dag name:postgres_setup_dag","logger":"task.stdout"}
{"timestamp":"2025-11-16T11:20:23.717986Z","level":"warning","event":"empty cryptography key - values will not be stored encrypted.","logger":"airflow.models.crypto","filename":"crypto.py","lineno":82}
{"timestamp":"2025-11-16T11:20:23.723001Z","level":"info","event":"Running statement: SELECT * FROM example_data;, parameters: None","logger":"airflow.task.hooks.airflow.providers.postgres.hooks.postgres.PostgresHook","filename":"sql.py","lineno":810}
{"timestamp":"2025-11-16T11:20:23.724026Z","level":"info","event":"Rows affected: 6","logger":"airflow.task.hooks.airflow.providers.postgres.hooks.postgres.PostgresHook","filename":"sql.py","lineno":822}
{"timestamp":"2025-11-16T11:20:23.724425Z","level":"info","event":"### CONTENT OF TABLE example_data ###","logger":"task.stdout"}
{"timestamp":"2025-11-16T11:20:23.724701Z","level":"info","event":"(1, 'Alice', 10)","logger":"task.stdout"}
{"timestamp":"2025-11-16T11:20:23.724872Z","level":"info","event":"(2, 'Bob', 20)","logger":"task.stdout"}
{"timestamp":"2025-11-16T11:20:23.725038Z","level":"info","event":"(3, 'Charlie', 30)","logger":"task.stdout"}
{"timestamp":"2025-11-16T11:20:23.725224Z","level":"info","event":"(4, 'Alice', 10)","logger":"task.stdout"}
{"timestamp":"2025-11-16T11:20:23.725328Z","level":"info","event":"(5, 'Bob', 20)","logger":"task.stdout"}
{"timestamp":"2025-11-16T11:20:23.725380Z","level":"info","event":"(6, 'Charlie', 30)","logger":"task.stdout"}
{"timestamp":"2025-11-16T11:20:23.724525Z","level":"info","event":"Done. Returned value was: None","logger":"airflow.task.operators.airflow.providers.standard.decorators.python._PythonDecoratedOperator","filename":"python.py","lineno":215}
{"timestamp":"2025-11-16T11:20:23.734379Z","level":"info","event":"Task instance in success state","logger":"task.stdout"}
{"timestamp":"2025-11-16T11:20:23.734621Z","level":"info","event":" Previous state of the Task instance: TaskInstanceState.RUNNING","logger":"task.stdout"}
{"timestamp":"2025-11-16T11:20:23.734929Z","level":"info","event":"Task operator:<Task(_PythonDecoratedOperator): print_data>","logger":"task.stdout"}
