{"timestamp":"2025-11-17T12:41:57.745458Z","level":"info","event":"DAG bundles loaded: dags-folder, example_dags","logger":"airflow.dag_processing.bundles.manager.DagBundlesManager","filename":"manager.py","lineno":179}
{"timestamp":"2025-11-17T12:41:57.745995Z","level":"info","event":"Filling up the DagBag from /opt/airflow/dags/book_dag.py","logger":"airflow.models.dagbag.DagBag","filename":"dagbag.py","lineno":593}
{"timestamp":"2025-11-17T12:41:57.833404Z","level":"warning","event":"The `airflow.decorators.task` attribute is deprecated. Please use `'airflow.sdk.task'`.","category":"DeprecatedImportWarning","filename":"/opt/airflow/dags/book_dag.py","lineno":2,"logger":"py.warnings"}
{"timestamp":"2025-11-17T12:41:57.847974Z","level":"info","event":"Task instance is in running state","logger":"task.stdout"}
{"timestamp":"2025-11-17T12:41:57.848120Z","level":"info","event":" Previous state of the Task instance: TaskInstanceState.QUEUED","logger":"task.stdout"}
{"timestamp":"2025-11-17T12:41:57.848207Z","level":"info","event":"Current task name:create_table","logger":"task.stdout"}
{"timestamp":"2025-11-17T12:41:57.848263Z","level":"info","event":"Dag name:postgres_setup_dag","logger":"task.stdout"}
{"timestamp":"2025-11-17T12:41:57.848324Z","level":"info","event":">>> Connecting to Postgres via postgres_default...","logger":"task.stdout"}
{"timestamp":"2025-11-17T12:41:57.922748Z","level":"warning","event":"empty cryptography key - values will not be stored encrypted.","logger":"airflow.models.crypto","filename":"crypto.py","lineno":82}
{"timestamp":"2025-11-17T12:41:57.923872Z","level":"warning","event":"This setter is for backward compatibility and should not be used.\nSince the introduction of connection property, the providers listed below breaks due to assigning value to self.connection in their __init__ method.\n* apache-airflow-providers-mysql<5.7.1\n* apache-airflow-providers-elasticsearch<5.5.1\n* apache-airflow-providers-postgres<5.13.0","logger":"airflow.task.hooks.airflow.providers.postgres.hooks.postgres.PostgresHook","filename":"sql.py","lineno":249}
{"timestamp":"2025-11-17T12:41:57.924096Z","level":"info","event":">>> Running SQL:","logger":"task.stdout"}
{"timestamp":"2025-11-17T12:41:57.924173Z","level":"info","event":"","logger":"task.stdout"}
{"timestamp":"2025-11-17T12:41:57.924230Z","level":"info","event":"        CREATE TABLE IF NOT EXISTS example_data (","logger":"task.stdout"}
{"timestamp":"2025-11-17T12:41:57.924270Z","level":"info","event":"            id SERIAL PRIMARY KEY,","logger":"task.stdout"}
{"timestamp":"2025-11-17T12:41:57.924321Z","level":"info","event":"            name TEXT NOT NULL,","logger":"task.stdout"}
{"timestamp":"2025-11-17T12:41:57.924361Z","level":"info","event":"            value INTEGER NOT NULL","logger":"task.stdout"}
{"timestamp":"2025-11-17T12:41:57.924399Z","level":"info","event":"        );","logger":"task.stdout"}
{"timestamp":"2025-11-17T12:41:57.924438Z","level":"info","event":"","logger":"task.stdout"}
{"timestamp":"2025-11-17T12:41:57.929422Z","level":"info","event":"Running statement: \n        CREATE TABLE IF NOT EXISTS example_data (\n            id SERIAL PRIMARY KEY,\n            name TEXT NOT NULL,\n            value INTEGER NOT NULL\n        );\n        , parameters: None","logger":"airflow.task.hooks.airflow.providers.postgres.hooks.postgres.PostgresHook","filename":"sql.py","lineno":810}
{"timestamp":"2025-11-17T12:41:57.936881Z","level":"info","event":">>> Table created.","logger":"task.stdout"}
{"timestamp":"2025-11-17T12:41:57.936351Z","level":"info","event":"Done. Returned value was: None","logger":"airflow.task.operators.airflow.providers.standard.decorators.python._PythonDecoratedOperator","filename":"python.py","lineno":215}
{"timestamp":"2025-11-17T12:41:57.947015Z","level":"info","event":"Task instance in success state","logger":"task.stdout"}
{"timestamp":"2025-11-17T12:41:57.949019Z","level":"info","event":" Previous state of the Task instance: TaskInstanceState.RUNNING","logger":"task.stdout"}
{"timestamp":"2025-11-17T12:41:57.950987Z","level":"info","event":"Task operator:<Task(_PythonDecoratedOperator): create_table>","logger":"task.stdout"}
