{"timestamp":"2025-11-16T11:20:21.754456Z","level":"info","event":"DAG bundles loaded: dags-folder, example_dags","logger":"airflow.dag_processing.bundles.manager.DagBundlesManager","filename":"manager.py","lineno":179}
{"timestamp":"2025-11-16T11:20:21.754881Z","level":"info","event":"Filling up the DagBag from /opt/airflow/dags/book_dag.py","logger":"airflow.models.dagbag.DagBag","filename":"dagbag.py","lineno":593}
{"timestamp":"2025-11-16T11:20:21.784477Z","level":"warning","event":"The `airflow.decorators.task` attribute is deprecated. Please use `'airflow.sdk.task'`.","category":"DeprecatedImportWarning","filename":"/opt/airflow/dags/book_dag.py","lineno":2,"logger":"py.warnings"}
{"timestamp":"2025-11-16T11:20:21.797254Z","level":"info","event":"Task instance is in running state","logger":"task.stdout"}
{"timestamp":"2025-11-16T11:20:21.798055Z","level":"info","event":" Previous state of the Task instance: TaskInstanceState.QUEUED","logger":"task.stdout"}
{"timestamp":"2025-11-16T11:20:21.799033Z","level":"info","event":"Current task name:create_table","logger":"task.stdout"}
{"timestamp":"2025-11-16T11:20:21.800019Z","level":"info","event":"Dag name:postgres_setup_dag","logger":"task.stdout"}
{"timestamp":"2025-11-16T11:20:21.800135Z","level":"info","event":">>> Connecting to Postgres via postgres_default...","logger":"task.stdout"}
{"timestamp":"2025-11-16T11:20:21.800188Z","level":"info","event":">>> Running SQL:","logger":"task.stdout"}
{"timestamp":"2025-11-16T11:20:21.800234Z","level":"info","event":"","logger":"task.stdout"}
{"timestamp":"2025-11-16T11:20:21.800274Z","level":"info","event":"        CREATE TABLE IF NOT EXISTS example_data (","logger":"task.stdout"}
{"timestamp":"2025-11-16T11:20:21.800311Z","level":"info","event":"            id SERIAL PRIMARY KEY,","logger":"task.stdout"}
{"timestamp":"2025-11-16T11:20:21.800347Z","level":"info","event":"            name TEXT NOT NULL,","logger":"task.stdout"}
{"timestamp":"2025-11-16T11:20:21.800397Z","level":"info","event":"            value INTEGER NOT NULL","logger":"task.stdout"}
{"timestamp":"2025-11-16T11:20:21.800432Z","level":"info","event":"        );","logger":"task.stdout"}
{"timestamp":"2025-11-16T11:20:21.800466Z","level":"info","event":"","logger":"task.stdout"}
{"timestamp":"2025-11-16T11:20:21.869575Z","level":"warning","event":"empty cryptography key - values will not be stored encrypted.","logger":"airflow.models.crypto","filename":"crypto.py","lineno":82}
{"timestamp":"2025-11-16T11:20:21.876809Z","level":"info","event":"Running statement: \n        CREATE TABLE IF NOT EXISTS example_data (\n            id SERIAL PRIMARY KEY,\n            name TEXT NOT NULL,\n            value INTEGER NOT NULL\n        );\n        , parameters: None","logger":"airflow.task.hooks.airflow.providers.postgres.hooks.postgres.PostgresHook","filename":"sql.py","lineno":810}
{"timestamp":"2025-11-16T11:20:21.877824Z","level":"info","event":">>> Table created.","logger":"task.stdout"}
{"timestamp":"2025-11-16T11:20:21.877406Z","level":"info","event":"Done. Returned value was: None","logger":"airflow.task.operators.airflow.providers.standard.decorators.python._PythonDecoratedOperator","filename":"python.py","lineno":215}
{"timestamp":"2025-11-16T11:20:21.887065Z","level":"info","event":"Task instance in success state","logger":"task.stdout"}
{"timestamp":"2025-11-16T11:20:21.890018Z","level":"info","event":" Previous state of the Task instance: TaskInstanceState.RUNNING","logger":"task.stdout"}
{"timestamp":"2025-11-16T11:20:21.890109Z","level":"info","event":"Task operator:<Task(_PythonDecoratedOperator): create_table>","logger":"task.stdout"}
